[2024-04-21T12:08:25.486+0000] {processor.py:161} INFO - Started process (PID=52) to work on /opt/airflow/dags/classificator.py
[2024-04-21T12:08:25.488+0000] {processor.py:830} INFO - Processing file /opt/airflow/dags/classificator.py for tasks to queue
[2024-04-21T12:08:25.492+0000] {logging_mixin.py:188} INFO - [2024-04-21T12:08:25.492+0000] {dagbag.py:538} INFO - Filling up the DagBag from /opt/airflow/dags/classificator.py
[2024-04-21T12:08:25.531+0000] {logging_mixin.py:188} INFO - [2024-04-21T12:08:25.528+0000] {dagbag.py:348} ERROR - Failed to import: /opt/airflow/dags/classificator.py
Traceback (most recent call last):
  File "/home/airflow/.local/lib/python3.8/site-packages/airflow/models/dagbag.py", line 344, in parse
    loader.exec_module(new_module)
  File "<frozen importlib._bootstrap_external>", line 843, in exec_module
  File "<frozen importlib._bootstrap>", line 219, in _call_with_frames_removed
  File "/opt/airflow/dags/classificator.py", line 7, in <module>
    from AirFlowProject.configuration_file import mount_source
ModuleNotFoundError: No module named 'AirFlowProject'
[2024-04-21T12:08:25.532+0000] {processor.py:842} WARNING - No viable dags retrieved from /opt/airflow/dags/classificator.py
[2024-04-21T12:08:25.554+0000] {processor.py:183} INFO - Processing /opt/airflow/dags/classificator.py took 0.072 seconds
[2024-04-21T12:08:56.078+0000] {processor.py:161} INFO - Started process (PID=108) to work on /opt/airflow/dags/classificator.py
[2024-04-21T12:08:56.080+0000] {processor.py:830} INFO - Processing file /opt/airflow/dags/classificator.py for tasks to queue
[2024-04-21T12:08:56.084+0000] {logging_mixin.py:188} INFO - [2024-04-21T12:08:56.083+0000] {dagbag.py:538} INFO - Filling up the DagBag from /opt/airflow/dags/classificator.py
[2024-04-21T12:08:56.101+0000] {logging_mixin.py:188} INFO - [2024-04-21T12:08:56.099+0000] {dagbag.py:348} ERROR - Failed to import: /opt/airflow/dags/classificator.py
Traceback (most recent call last):
  File "/home/airflow/.local/lib/python3.8/site-packages/airflow/models/dagbag.py", line 344, in parse
    loader.exec_module(new_module)
  File "<frozen importlib._bootstrap_external>", line 843, in exec_module
  File "<frozen importlib._bootstrap>", line 219, in _call_with_frames_removed
  File "/opt/airflow/dags/classificator.py", line 7, in <module>
    from AirFlowProject.configuration_file import mount_source
ModuleNotFoundError: No module named 'AirFlowProject'
[2024-04-21T12:08:56.102+0000] {processor.py:842} WARNING - No viable dags retrieved from /opt/airflow/dags/classificator.py
[2024-04-21T12:08:56.124+0000] {processor.py:183} INFO - Processing /opt/airflow/dags/classificator.py took 0.050 seconds
[2024-04-21T12:09:26.336+0000] {processor.py:161} INFO - Started process (PID=164) to work on /opt/airflow/dags/classificator.py
[2024-04-21T12:09:26.337+0000] {processor.py:830} INFO - Processing file /opt/airflow/dags/classificator.py for tasks to queue
[2024-04-21T12:09:26.340+0000] {logging_mixin.py:188} INFO - [2024-04-21T12:09:26.340+0000] {dagbag.py:538} INFO - Filling up the DagBag from /opt/airflow/dags/classificator.py
[2024-04-21T12:09:26.353+0000] {logging_mixin.py:188} INFO - [2024-04-21T12:09:26.351+0000] {dagbag.py:348} ERROR - Failed to import: /opt/airflow/dags/classificator.py
Traceback (most recent call last):
  File "/home/airflow/.local/lib/python3.8/site-packages/airflow/models/dagbag.py", line 344, in parse
    loader.exec_module(new_module)
  File "<frozen importlib._bootstrap_external>", line 843, in exec_module
  File "<frozen importlib._bootstrap>", line 219, in _call_with_frames_removed
  File "/opt/airflow/dags/classificator.py", line 7, in <module>
    from AirFlowProject.configuration_file import mount_source
ModuleNotFoundError: No module named 'AirFlowProject'
[2024-04-21T12:09:26.353+0000] {processor.py:842} WARNING - No viable dags retrieved from /opt/airflow/dags/classificator.py
[2024-04-21T12:09:26.373+0000] {processor.py:183} INFO - Processing /opt/airflow/dags/classificator.py took 0.041 seconds
[2024-04-21T12:09:56.596+0000] {processor.py:161} INFO - Started process (PID=220) to work on /opt/airflow/dags/classificator.py
[2024-04-21T12:09:56.598+0000] {processor.py:830} INFO - Processing file /opt/airflow/dags/classificator.py for tasks to queue
[2024-04-21T12:09:56.601+0000] {logging_mixin.py:188} INFO - [2024-04-21T12:09:56.601+0000] {dagbag.py:538} INFO - Filling up the DagBag from /opt/airflow/dags/classificator.py
[2024-04-21T12:09:56.614+0000] {logging_mixin.py:188} INFO - [2024-04-21T12:09:56.612+0000] {dagbag.py:348} ERROR - Failed to import: /opt/airflow/dags/classificator.py
Traceback (most recent call last):
  File "/home/airflow/.local/lib/python3.8/site-packages/airflow/models/dagbag.py", line 344, in parse
    loader.exec_module(new_module)
  File "<frozen importlib._bootstrap_external>", line 843, in exec_module
  File "<frozen importlib._bootstrap>", line 219, in _call_with_frames_removed
  File "/opt/airflow/dags/classificator.py", line 7, in <module>
    from AirFlowProject.configuration_file import mount_source
ModuleNotFoundError: No module named 'AirFlowProject'
[2024-04-21T12:09:56.615+0000] {processor.py:842} WARNING - No viable dags retrieved from /opt/airflow/dags/classificator.py
[2024-04-21T12:09:56.635+0000] {processor.py:183} INFO - Processing /opt/airflow/dags/classificator.py took 0.043 seconds
[2024-04-21T12:10:27.172+0000] {processor.py:161} INFO - Started process (PID=277) to work on /opt/airflow/dags/classificator.py
[2024-04-21T12:10:27.173+0000] {processor.py:830} INFO - Processing file /opt/airflow/dags/classificator.py for tasks to queue
[2024-04-21T12:10:27.176+0000] {logging_mixin.py:188} INFO - [2024-04-21T12:10:27.176+0000] {dagbag.py:538} INFO - Filling up the DagBag from /opt/airflow/dags/classificator.py
[2024-04-21T12:10:27.188+0000] {logging_mixin.py:188} INFO - [2024-04-21T12:10:27.186+0000] {dagbag.py:348} ERROR - Failed to import: /opt/airflow/dags/classificator.py
Traceback (most recent call last):
  File "/home/airflow/.local/lib/python3.8/site-packages/airflow/models/dagbag.py", line 344, in parse
    loader.exec_module(new_module)
  File "<frozen importlib._bootstrap_external>", line 843, in exec_module
  File "<frozen importlib._bootstrap>", line 219, in _call_with_frames_removed
  File "/opt/airflow/dags/classificator.py", line 7, in <module>
    from AirFlowProject.configuration_file import mount_source
ModuleNotFoundError: No module named 'AirFlowProject'
[2024-04-21T12:10:27.189+0000] {processor.py:842} WARNING - No viable dags retrieved from /opt/airflow/dags/classificator.py
[2024-04-21T12:10:27.214+0000] {processor.py:183} INFO - Processing /opt/airflow/dags/classificator.py took 0.046 seconds
[2024-04-21T12:10:57.613+0000] {processor.py:161} INFO - Started process (PID=333) to work on /opt/airflow/dags/classificator.py
[2024-04-21T12:10:57.615+0000] {processor.py:830} INFO - Processing file /opt/airflow/dags/classificator.py for tasks to queue
[2024-04-21T12:10:57.619+0000] {logging_mixin.py:188} INFO - [2024-04-21T12:10:57.618+0000] {dagbag.py:538} INFO - Filling up the DagBag from /opt/airflow/dags/classificator.py
[2024-04-21T12:10:57.634+0000] {logging_mixin.py:188} INFO - [2024-04-21T12:10:57.632+0000] {dagbag.py:348} ERROR - Failed to import: /opt/airflow/dags/classificator.py
Traceback (most recent call last):
  File "/home/airflow/.local/lib/python3.8/site-packages/airflow/models/dagbag.py", line 344, in parse
    loader.exec_module(new_module)
  File "<frozen importlib._bootstrap_external>", line 843, in exec_module
  File "<frozen importlib._bootstrap>", line 219, in _call_with_frames_removed
  File "/opt/airflow/dags/classificator.py", line 7, in <module>
    from AirFlowProject.configuration_file import mount_source
ModuleNotFoundError: No module named 'AirFlowProject'
[2024-04-21T12:10:57.635+0000] {processor.py:842} WARNING - No viable dags retrieved from /opt/airflow/dags/classificator.py
[2024-04-21T12:10:57.658+0000] {processor.py:183} INFO - Processing /opt/airflow/dags/classificator.py took 0.050 seconds
[2024-04-21T12:11:27.793+0000] {processor.py:161} INFO - Started process (PID=389) to work on /opt/airflow/dags/classificator.py
[2024-04-21T12:11:27.796+0000] {processor.py:830} INFO - Processing file /opt/airflow/dags/classificator.py for tasks to queue
[2024-04-21T12:11:27.799+0000] {logging_mixin.py:188} INFO - [2024-04-21T12:11:27.799+0000] {dagbag.py:538} INFO - Filling up the DagBag from /opt/airflow/dags/classificator.py
[2024-04-21T12:11:27.810+0000] {logging_mixin.py:188} INFO - [2024-04-21T12:11:27.808+0000] {dagbag.py:348} ERROR - Failed to import: /opt/airflow/dags/classificator.py
Traceback (most recent call last):
  File "/home/airflow/.local/lib/python3.8/site-packages/airflow/models/dagbag.py", line 344, in parse
    loader.exec_module(new_module)
  File "<frozen importlib._bootstrap_external>", line 843, in exec_module
  File "<frozen importlib._bootstrap>", line 219, in _call_with_frames_removed
  File "/opt/airflow/dags/classificator.py", line 7, in <module>
    from AirFlowProject.configuration_file import mount_source
ModuleNotFoundError: No module named 'AirFlowProject'
[2024-04-21T12:11:27.811+0000] {processor.py:842} WARNING - No viable dags retrieved from /opt/airflow/dags/classificator.py
[2024-04-21T12:11:27.836+0000] {processor.py:183} INFO - Processing /opt/airflow/dags/classificator.py took 0.048 seconds
[2024-04-21T12:11:57.896+0000] {processor.py:161} INFO - Started process (PID=444) to work on /opt/airflow/dags/classificator.py
[2024-04-21T12:11:57.898+0000] {processor.py:830} INFO - Processing file /opt/airflow/dags/classificator.py for tasks to queue
[2024-04-21T12:11:57.900+0000] {logging_mixin.py:188} INFO - [2024-04-21T12:11:57.900+0000] {dagbag.py:538} INFO - Filling up the DagBag from /opt/airflow/dags/classificator.py
[2024-04-21T12:11:57.910+0000] {logging_mixin.py:188} INFO - [2024-04-21T12:11:57.908+0000] {dagbag.py:348} ERROR - Failed to import: /opt/airflow/dags/classificator.py
Traceback (most recent call last):
  File "/home/airflow/.local/lib/python3.8/site-packages/airflow/models/dagbag.py", line 344, in parse
    loader.exec_module(new_module)
  File "<frozen importlib._bootstrap_external>", line 843, in exec_module
  File "<frozen importlib._bootstrap>", line 219, in _call_with_frames_removed
  File "/opt/airflow/dags/classificator.py", line 7, in <module>
    from AirFlowProject.configuration_file import mount_source
ModuleNotFoundError: No module named 'AirFlowProject'
[2024-04-21T12:11:57.911+0000] {processor.py:842} WARNING - No viable dags retrieved from /opt/airflow/dags/classificator.py
[2024-04-21T12:11:57.934+0000] {processor.py:183} INFO - Processing /opt/airflow/dags/classificator.py took 0.040 seconds
[2024-04-21T12:12:28.025+0000] {processor.py:161} INFO - Started process (PID=499) to work on /opt/airflow/dags/classificator.py
[2024-04-21T12:12:28.026+0000] {processor.py:830} INFO - Processing file /opt/airflow/dags/classificator.py for tasks to queue
[2024-04-21T12:12:28.028+0000] {logging_mixin.py:188} INFO - [2024-04-21T12:12:28.028+0000] {dagbag.py:538} INFO - Filling up the DagBag from /opt/airflow/dags/classificator.py
[2024-04-21T12:12:28.040+0000] {logging_mixin.py:188} INFO - [2024-04-21T12:12:28.038+0000] {dagbag.py:348} ERROR - Failed to import: /opt/airflow/dags/classificator.py
Traceback (most recent call last):
  File "/home/airflow/.local/lib/python3.8/site-packages/airflow/models/dagbag.py", line 344, in parse
    loader.exec_module(new_module)
  File "<frozen importlib._bootstrap_external>", line 843, in exec_module
  File "<frozen importlib._bootstrap>", line 219, in _call_with_frames_removed
  File "/opt/airflow/dags/classificator.py", line 7, in <module>
    from AirFlowProject.configuration_file import mount_source
ModuleNotFoundError: No module named 'AirFlowProject'
[2024-04-21T12:12:28.041+0000] {processor.py:842} WARNING - No viable dags retrieved from /opt/airflow/dags/classificator.py
[2024-04-21T12:12:28.065+0000] {processor.py:183} INFO - Processing /opt/airflow/dags/classificator.py took 0.044 seconds
[2024-04-21T12:12:58.316+0000] {processor.py:161} INFO - Started process (PID=555) to work on /opt/airflow/dags/classificator.py
[2024-04-21T12:12:58.318+0000] {processor.py:830} INFO - Processing file /opt/airflow/dags/classificator.py for tasks to queue
[2024-04-21T12:12:58.321+0000] {logging_mixin.py:188} INFO - [2024-04-21T12:12:58.321+0000] {dagbag.py:538} INFO - Filling up the DagBag from /opt/airflow/dags/classificator.py
[2024-04-21T12:12:58.336+0000] {logging_mixin.py:188} INFO - [2024-04-21T12:12:58.333+0000] {dagbag.py:348} ERROR - Failed to import: /opt/airflow/dags/classificator.py
Traceback (most recent call last):
  File "/home/airflow/.local/lib/python3.8/site-packages/airflow/models/dagbag.py", line 344, in parse
    loader.exec_module(new_module)
  File "<frozen importlib._bootstrap_external>", line 843, in exec_module
  File "<frozen importlib._bootstrap>", line 219, in _call_with_frames_removed
  File "/opt/airflow/dags/classificator.py", line 7, in <module>
    from AirFlowProject.configuration_file import mount_source
ModuleNotFoundError: No module named 'AirFlowProject'
[2024-04-21T12:12:58.337+0000] {processor.py:842} WARNING - No viable dags retrieved from /opt/airflow/dags/classificator.py
[2024-04-21T12:12:58.359+0000] {processor.py:183} INFO - Processing /opt/airflow/dags/classificator.py took 0.048 seconds
[2024-04-21T12:13:28.986+0000] {processor.py:161} INFO - Started process (PID=611) to work on /opt/airflow/dags/classificator.py
[2024-04-21T12:13:28.987+0000] {processor.py:830} INFO - Processing file /opt/airflow/dags/classificator.py for tasks to queue
[2024-04-21T12:13:28.991+0000] {logging_mixin.py:188} INFO - [2024-04-21T12:13:28.990+0000] {dagbag.py:538} INFO - Filling up the DagBag from /opt/airflow/dags/classificator.py
[2024-04-21T12:13:29.009+0000] {logging_mixin.py:188} INFO - [2024-04-21T12:13:29.006+0000] {dagbag.py:348} ERROR - Failed to import: /opt/airflow/dags/classificator.py
Traceback (most recent call last):
  File "/home/airflow/.local/lib/python3.8/site-packages/airflow/models/dagbag.py", line 344, in parse
    loader.exec_module(new_module)
  File "<frozen importlib._bootstrap_external>", line 843, in exec_module
  File "<frozen importlib._bootstrap>", line 219, in _call_with_frames_removed
  File "/opt/airflow/dags/classificator.py", line 7, in <module>
    from AirFlowProject.configuration_file import mount_source
ModuleNotFoundError: No module named 'AirFlowProject'
[2024-04-21T12:13:29.010+0000] {processor.py:842} WARNING - No viable dags retrieved from /opt/airflow/dags/classificator.py
[2024-04-21T12:13:29.029+0000] {processor.py:183} INFO - Processing /opt/airflow/dags/classificator.py took 0.047 seconds
[2024-04-21T12:13:58.255+0000] {processor.py:161} INFO - Started process (PID=668) to work on /opt/airflow/dags/classificator.py
[2024-04-21T12:13:58.256+0000] {processor.py:830} INFO - Processing file /opt/airflow/dags/classificator.py for tasks to queue
[2024-04-21T12:13:58.259+0000] {logging_mixin.py:188} INFO - [2024-04-21T12:13:58.259+0000] {dagbag.py:538} INFO - Filling up the DagBag from /opt/airflow/dags/classificator.py
[2024-04-21T12:13:58.284+0000] {processor.py:840} INFO - DAG(s) 'dag_for_news' retrieved from /opt/airflow/dags/classificator.py
[2024-04-21T12:13:58.371+0000] {logging_mixin.py:188} INFO - [2024-04-21T12:13:58.370+0000] {override.py:1769} INFO - Created Permission View: can edit on DAG:dag_for_news
[2024-04-21T12:13:58.380+0000] {logging_mixin.py:188} INFO - [2024-04-21T12:13:58.380+0000] {override.py:1769} INFO - Created Permission View: can delete on DAG:dag_for_news
[2024-04-21T12:13:58.387+0000] {logging_mixin.py:188} INFO - [2024-04-21T12:13:58.386+0000] {override.py:1769} INFO - Created Permission View: can read on DAG:dag_for_news
[2024-04-21T12:13:58.388+0000] {logging_mixin.py:188} INFO - [2024-04-21T12:13:58.387+0000] {dag.py:3033} INFO - Sync 1 DAGs
[2024-04-21T12:13:58.397+0000] {logging_mixin.py:188} INFO - [2024-04-21T12:13:58.397+0000] {dag.py:3055} INFO - Creating ORM DAG for dag_for_news
[2024-04-21T12:13:58.406+0000] {logging_mixin.py:188} INFO - [2024-04-21T12:13:58.406+0000] {dag.py:3820} INFO - Setting next_dagrun for dag_for_news to 2024-04-21T00:00:00+00:00, run_after=2024-04-22T00:00:00+00:00
[2024-04-21T12:13:58.422+0000] {processor.py:183} INFO - Processing /opt/airflow/dags/classificator.py took 0.170 seconds
[2024-04-21T12:19:53.991+0000] {processor.py:161} INFO - Started process (PID=52) to work on /opt/airflow/dags/classificator.py
[2024-04-21T12:19:53.992+0000] {processor.py:830} INFO - Processing file /opt/airflow/dags/classificator.py for tasks to queue
[2024-04-21T12:19:53.996+0000] {logging_mixin.py:188} INFO - [2024-04-21T12:19:53.996+0000] {dagbag.py:538} INFO - Filling up the DagBag from /opt/airflow/dags/classificator.py
[2024-04-21T12:19:54.017+0000] {processor.py:840} INFO - DAG(s) 'dag_for_news' retrieved from /opt/airflow/dags/classificator.py
[2024-04-21T12:19:54.205+0000] {logging_mixin.py:188} INFO - [2024-04-21T12:19:54.205+0000] {dag.py:3033} INFO - Sync 1 DAGs
[2024-04-21T12:19:54.228+0000] {logging_mixin.py:188} INFO - [2024-04-21T12:19:54.228+0000] {dag.py:3820} INFO - Setting next_dagrun for dag_for_news to 2024-04-21T00:00:00+00:00, run_after=2024-04-22T00:00:00+00:00
[2024-04-21T12:19:54.249+0000] {processor.py:183} INFO - Processing /opt/airflow/dags/classificator.py took 0.264 seconds
[2024-04-21T12:20:24.325+0000] {processor.py:161} INFO - Started process (PID=108) to work on /opt/airflow/dags/classificator.py
[2024-04-21T12:20:24.327+0000] {processor.py:830} INFO - Processing file /opt/airflow/dags/classificator.py for tasks to queue
[2024-04-21T12:20:24.330+0000] {logging_mixin.py:188} INFO - [2024-04-21T12:20:24.330+0000] {dagbag.py:538} INFO - Filling up the DagBag from /opt/airflow/dags/classificator.py
[2024-04-21T12:20:24.346+0000] {processor.py:840} INFO - DAG(s) 'dag_for_news' retrieved from /opt/airflow/dags/classificator.py
[2024-04-21T12:20:24.364+0000] {logging_mixin.py:188} INFO - [2024-04-21T12:20:24.364+0000] {dag.py:3033} INFO - Sync 1 DAGs
[2024-04-21T12:20:24.384+0000] {logging_mixin.py:188} INFO - [2024-04-21T12:20:24.384+0000] {dag.py:3820} INFO - Setting next_dagrun for dag_for_news to 2024-04-21T00:00:00+00:00, run_after=2024-04-22T00:00:00+00:00
[2024-04-21T12:20:24.405+0000] {processor.py:183} INFO - Processing /opt/airflow/dags/classificator.py took 0.084 seconds
[2024-04-21T12:20:55.005+0000] {processor.py:161} INFO - Started process (PID=164) to work on /opt/airflow/dags/classificator.py
[2024-04-21T12:20:55.006+0000] {processor.py:830} INFO - Processing file /opt/airflow/dags/classificator.py for tasks to queue
[2024-04-21T12:20:55.010+0000] {logging_mixin.py:188} INFO - [2024-04-21T12:20:55.009+0000] {dagbag.py:538} INFO - Filling up the DagBag from /opt/airflow/dags/classificator.py
[2024-04-21T12:20:55.026+0000] {processor.py:840} INFO - DAG(s) 'dag_for_news' retrieved from /opt/airflow/dags/classificator.py
[2024-04-21T12:20:55.044+0000] {logging_mixin.py:188} INFO - [2024-04-21T12:20:55.044+0000] {dag.py:3033} INFO - Sync 1 DAGs
[2024-04-21T12:20:55.063+0000] {logging_mixin.py:188} INFO - [2024-04-21T12:20:55.063+0000] {dag.py:3820} INFO - Setting next_dagrun for dag_for_news to 2024-04-21T00:00:00+00:00, run_after=2024-04-22T00:00:00+00:00
[2024-04-21T12:20:55.084+0000] {processor.py:183} INFO - Processing /opt/airflow/dags/classificator.py took 0.084 seconds
[2024-04-21T12:21:25.383+0000] {processor.py:161} INFO - Started process (PID=220) to work on /opt/airflow/dags/classificator.py
[2024-04-21T12:21:25.384+0000] {processor.py:830} INFO - Processing file /opt/airflow/dags/classificator.py for tasks to queue
[2024-04-21T12:21:25.388+0000] {logging_mixin.py:188} INFO - [2024-04-21T12:21:25.387+0000] {dagbag.py:538} INFO - Filling up the DagBag from /opt/airflow/dags/classificator.py
[2024-04-21T12:21:25.404+0000] {processor.py:840} INFO - DAG(s) 'dag_for_news' retrieved from /opt/airflow/dags/classificator.py
[2024-04-21T12:21:25.425+0000] {logging_mixin.py:188} INFO - [2024-04-21T12:21:25.424+0000] {dag.py:3033} INFO - Sync 1 DAGs
[2024-04-21T12:21:25.448+0000] {logging_mixin.py:188} INFO - [2024-04-21T12:21:25.448+0000] {dag.py:3820} INFO - Setting next_dagrun for dag_for_news to 2024-04-21T00:00:00+00:00, run_after=2024-04-22T00:00:00+00:00
[2024-04-21T12:21:25.470+0000] {processor.py:183} INFO - Processing /opt/airflow/dags/classificator.py took 0.091 seconds
[2024-04-21T12:21:55.786+0000] {processor.py:161} INFO - Started process (PID=276) to work on /opt/airflow/dags/classificator.py
[2024-04-21T12:21:55.788+0000] {processor.py:830} INFO - Processing file /opt/airflow/dags/classificator.py for tasks to queue
[2024-04-21T12:21:55.790+0000] {logging_mixin.py:188} INFO - [2024-04-21T12:21:55.790+0000] {dagbag.py:538} INFO - Filling up the DagBag from /opt/airflow/dags/classificator.py
[2024-04-21T12:21:55.805+0000] {processor.py:840} INFO - DAG(s) 'dag_for_news' retrieved from /opt/airflow/dags/classificator.py
[2024-04-21T12:21:55.826+0000] {logging_mixin.py:188} INFO - [2024-04-21T12:21:55.826+0000] {dag.py:3033} INFO - Sync 1 DAGs
[2024-04-21T12:21:55.848+0000] {logging_mixin.py:188} INFO - [2024-04-21T12:21:55.848+0000] {dag.py:3820} INFO - Setting next_dagrun for dag_for_news to 2024-04-21T00:00:00+00:00, run_after=2024-04-22T00:00:00+00:00
[2024-04-21T12:21:55.869+0000] {processor.py:183} INFO - Processing /opt/airflow/dags/classificator.py took 0.086 seconds
[2024-04-21T12:22:25.967+0000] {processor.py:161} INFO - Started process (PID=332) to work on /opt/airflow/dags/classificator.py
[2024-04-21T12:22:25.968+0000] {processor.py:830} INFO - Processing file /opt/airflow/dags/classificator.py for tasks to queue
[2024-04-21T12:22:25.971+0000] {logging_mixin.py:188} INFO - [2024-04-21T12:22:25.971+0000] {dagbag.py:538} INFO - Filling up the DagBag from /opt/airflow/dags/classificator.py
[2024-04-21T12:22:25.987+0000] {processor.py:840} INFO - DAG(s) 'dag_for_news' retrieved from /opt/airflow/dags/classificator.py
[2024-04-21T12:22:26.006+0000] {logging_mixin.py:188} INFO - [2024-04-21T12:22:26.006+0000] {dag.py:3033} INFO - Sync 1 DAGs
[2024-04-21T12:22:26.027+0000] {logging_mixin.py:188} INFO - [2024-04-21T12:22:26.027+0000] {dag.py:3820} INFO - Setting next_dagrun for dag_for_news to 2024-04-21T00:00:00+00:00, run_after=2024-04-22T00:00:00+00:00
[2024-04-21T12:22:26.051+0000] {processor.py:183} INFO - Processing /opt/airflow/dags/classificator.py took 0.089 seconds
[2024-04-21T12:22:56.168+0000] {processor.py:161} INFO - Started process (PID=388) to work on /opt/airflow/dags/classificator.py
[2024-04-21T12:22:56.169+0000] {processor.py:830} INFO - Processing file /opt/airflow/dags/classificator.py for tasks to queue
[2024-04-21T12:22:56.172+0000] {logging_mixin.py:188} INFO - [2024-04-21T12:22:56.172+0000] {dagbag.py:538} INFO - Filling up the DagBag from /opt/airflow/dags/classificator.py
[2024-04-21T12:22:56.187+0000] {processor.py:840} INFO - DAG(s) 'dag_for_news' retrieved from /opt/airflow/dags/classificator.py
[2024-04-21T12:22:56.206+0000] {logging_mixin.py:188} INFO - [2024-04-21T12:22:56.206+0000] {dag.py:3033} INFO - Sync 1 DAGs
[2024-04-21T12:22:56.226+0000] {logging_mixin.py:188} INFO - [2024-04-21T12:22:56.226+0000] {dag.py:3820} INFO - Setting next_dagrun for dag_for_news to 2024-04-21T00:00:00+00:00, run_after=2024-04-22T00:00:00+00:00
[2024-04-21T12:22:56.243+0000] {processor.py:183} INFO - Processing /opt/airflow/dags/classificator.py took 0.079 seconds
[2024-04-21T12:23:26.292+0000] {processor.py:161} INFO - Started process (PID=444) to work on /opt/airflow/dags/classificator.py
[2024-04-21T12:23:26.293+0000] {processor.py:830} INFO - Processing file /opt/airflow/dags/classificator.py for tasks to queue
[2024-04-21T12:23:26.296+0000] {logging_mixin.py:188} INFO - [2024-04-21T12:23:26.296+0000] {dagbag.py:538} INFO - Filling up the DagBag from /opt/airflow/dags/classificator.py
[2024-04-21T12:23:26.311+0000] {processor.py:840} INFO - DAG(s) 'dag_for_news' retrieved from /opt/airflow/dags/classificator.py
[2024-04-21T12:23:26.329+0000] {logging_mixin.py:188} INFO - [2024-04-21T12:23:26.329+0000] {dag.py:3033} INFO - Sync 1 DAGs
[2024-04-21T12:23:26.352+0000] {logging_mixin.py:188} INFO - [2024-04-21T12:23:26.351+0000] {dag.py:3820} INFO - Setting next_dagrun for dag_for_news to 2024-04-21T00:00:00+00:00, run_after=2024-04-22T00:00:00+00:00
[2024-04-21T12:23:26.374+0000] {processor.py:183} INFO - Processing /opt/airflow/dags/classificator.py took 0.087 seconds
[2024-04-21T12:23:57.178+0000] {processor.py:161} INFO - Started process (PID=500) to work on /opt/airflow/dags/classificator.py
[2024-04-21T12:23:57.179+0000] {processor.py:830} INFO - Processing file /opt/airflow/dags/classificator.py for tasks to queue
[2024-04-21T12:23:57.181+0000] {logging_mixin.py:188} INFO - [2024-04-21T12:23:57.181+0000] {dagbag.py:538} INFO - Filling up the DagBag from /opt/airflow/dags/classificator.py
[2024-04-21T12:23:57.196+0000] {processor.py:840} INFO - DAG(s) 'dag_for_news' retrieved from /opt/airflow/dags/classificator.py
[2024-04-21T12:23:57.216+0000] {logging_mixin.py:188} INFO - [2024-04-21T12:23:57.216+0000] {dag.py:3033} INFO - Sync 1 DAGs
[2024-04-21T12:23:57.236+0000] {logging_mixin.py:188} INFO - [2024-04-21T12:23:57.236+0000] {dag.py:3820} INFO - Setting next_dagrun for dag_for_news to 2024-04-21T00:00:00+00:00, run_after=2024-04-22T00:00:00+00:00
[2024-04-21T12:23:57.254+0000] {processor.py:183} INFO - Processing /opt/airflow/dags/classificator.py took 0.081 seconds
[2024-04-21T12:24:27.988+0000] {processor.py:161} INFO - Started process (PID=556) to work on /opt/airflow/dags/classificator.py
[2024-04-21T12:24:27.990+0000] {processor.py:830} INFO - Processing file /opt/airflow/dags/classificator.py for tasks to queue
[2024-04-21T12:24:27.993+0000] {logging_mixin.py:188} INFO - [2024-04-21T12:24:27.993+0000] {dagbag.py:538} INFO - Filling up the DagBag from /opt/airflow/dags/classificator.py
[2024-04-21T12:24:28.007+0000] {processor.py:840} INFO - DAG(s) 'dag_for_news' retrieved from /opt/airflow/dags/classificator.py
[2024-04-21T12:24:28.027+0000] {logging_mixin.py:188} INFO - [2024-04-21T12:24:28.027+0000] {dag.py:3033} INFO - Sync 1 DAGs
[2024-04-21T12:24:28.048+0000] {logging_mixin.py:188} INFO - [2024-04-21T12:24:28.048+0000] {dag.py:3820} INFO - Setting next_dagrun for dag_for_news to 2024-04-21T00:00:00+00:00, run_after=2024-04-22T00:00:00+00:00
[2024-04-21T12:24:28.065+0000] {processor.py:183} INFO - Processing /opt/airflow/dags/classificator.py took 0.080 seconds
[2024-04-21T12:24:58.154+0000] {processor.py:161} INFO - Started process (PID=612) to work on /opt/airflow/dags/classificator.py
[2024-04-21T12:24:58.157+0000] {processor.py:830} INFO - Processing file /opt/airflow/dags/classificator.py for tasks to queue
[2024-04-21T12:24:58.161+0000] {logging_mixin.py:188} INFO - [2024-04-21T12:24:58.161+0000] {dagbag.py:538} INFO - Filling up the DagBag from /opt/airflow/dags/classificator.py
[2024-04-21T12:24:58.177+0000] {processor.py:840} INFO - DAG(s) 'dag_for_news' retrieved from /opt/airflow/dags/classificator.py
[2024-04-21T12:24:58.195+0000] {logging_mixin.py:188} INFO - [2024-04-21T12:24:58.194+0000] {dag.py:3033} INFO - Sync 1 DAGs
[2024-04-21T12:24:58.216+0000] {logging_mixin.py:188} INFO - [2024-04-21T12:24:58.215+0000] {dag.py:3820} INFO - Setting next_dagrun for dag_for_news to 2024-04-21T00:00:00+00:00, run_after=2024-04-22T00:00:00+00:00
[2024-04-21T12:24:58.232+0000] {processor.py:183} INFO - Processing /opt/airflow/dags/classificator.py took 0.082 seconds
[2024-04-21T12:25:28.371+0000] {processor.py:161} INFO - Started process (PID=668) to work on /opt/airflow/dags/classificator.py
[2024-04-21T12:25:28.372+0000] {processor.py:830} INFO - Processing file /opt/airflow/dags/classificator.py for tasks to queue
[2024-04-21T12:25:28.375+0000] {logging_mixin.py:188} INFO - [2024-04-21T12:25:28.375+0000] {dagbag.py:538} INFO - Filling up the DagBag from /opt/airflow/dags/classificator.py
[2024-04-21T12:25:28.390+0000] {processor.py:840} INFO - DAG(s) 'dag_for_news' retrieved from /opt/airflow/dags/classificator.py
[2024-04-21T12:25:28.409+0000] {logging_mixin.py:188} INFO - [2024-04-21T12:25:28.409+0000] {dag.py:3033} INFO - Sync 1 DAGs
[2024-04-21T12:25:28.428+0000] {logging_mixin.py:188} INFO - [2024-04-21T12:25:28.428+0000] {dag.py:3820} INFO - Setting next_dagrun for dag_for_news to 2024-04-21T00:00:00+00:00, run_after=2024-04-22T00:00:00+00:00
[2024-04-21T12:25:28.451+0000] {processor.py:183} INFO - Processing /opt/airflow/dags/classificator.py took 0.084 seconds
[2024-04-21T12:25:58.630+0000] {processor.py:161} INFO - Started process (PID=724) to work on /opt/airflow/dags/classificator.py
[2024-04-21T12:25:58.631+0000] {processor.py:830} INFO - Processing file /opt/airflow/dags/classificator.py for tasks to queue
[2024-04-21T12:25:58.634+0000] {logging_mixin.py:188} INFO - [2024-04-21T12:25:58.634+0000] {dagbag.py:538} INFO - Filling up the DagBag from /opt/airflow/dags/classificator.py
[2024-04-21T12:25:58.648+0000] {processor.py:840} INFO - DAG(s) 'dag_for_news' retrieved from /opt/airflow/dags/classificator.py
[2024-04-21T12:25:58.667+0000] {logging_mixin.py:188} INFO - [2024-04-21T12:25:58.666+0000] {dag.py:3033} INFO - Sync 1 DAGs
[2024-04-21T12:25:58.687+0000] {logging_mixin.py:188} INFO - [2024-04-21T12:25:58.687+0000] {dag.py:3820} INFO - Setting next_dagrun for dag_for_news to 2024-04-21T00:00:00+00:00, run_after=2024-04-22T00:00:00+00:00
[2024-04-21T12:25:58.709+0000] {processor.py:183} INFO - Processing /opt/airflow/dags/classificator.py took 0.082 seconds
[2024-04-21T12:26:28.843+0000] {processor.py:161} INFO - Started process (PID=780) to work on /opt/airflow/dags/classificator.py
[2024-04-21T12:26:28.845+0000] {processor.py:830} INFO - Processing file /opt/airflow/dags/classificator.py for tasks to queue
[2024-04-21T12:26:28.847+0000] {logging_mixin.py:188} INFO - [2024-04-21T12:26:28.847+0000] {dagbag.py:538} INFO - Filling up the DagBag from /opt/airflow/dags/classificator.py
[2024-04-21T12:26:28.861+0000] {processor.py:840} INFO - DAG(s) 'dag_for_news' retrieved from /opt/airflow/dags/classificator.py
[2024-04-21T12:26:28.879+0000] {logging_mixin.py:188} INFO - [2024-04-21T12:26:28.879+0000] {dag.py:3033} INFO - Sync 1 DAGs
[2024-04-21T12:26:28.900+0000] {logging_mixin.py:188} INFO - [2024-04-21T12:26:28.900+0000] {dag.py:3820} INFO - Setting next_dagrun for dag_for_news to 2024-04-21T00:00:00+00:00, run_after=2024-04-22T00:00:00+00:00
[2024-04-21T12:26:28.917+0000] {processor.py:183} INFO - Processing /opt/airflow/dags/classificator.py took 0.078 seconds
[2024-04-21T12:26:59.113+0000] {processor.py:161} INFO - Started process (PID=836) to work on /opt/airflow/dags/classificator.py
[2024-04-21T12:26:59.114+0000] {processor.py:830} INFO - Processing file /opt/airflow/dags/classificator.py for tasks to queue
[2024-04-21T12:26:59.117+0000] {logging_mixin.py:188} INFO - [2024-04-21T12:26:59.117+0000] {dagbag.py:538} INFO - Filling up the DagBag from /opt/airflow/dags/classificator.py
[2024-04-21T12:26:59.134+0000] {processor.py:840} INFO - DAG(s) 'dag_for_news' retrieved from /opt/airflow/dags/classificator.py
[2024-04-21T12:26:59.153+0000] {logging_mixin.py:188} INFO - [2024-04-21T12:26:59.153+0000] {dag.py:3033} INFO - Sync 1 DAGs
[2024-04-21T12:26:59.173+0000] {logging_mixin.py:188} INFO - [2024-04-21T12:26:59.173+0000] {dag.py:3820} INFO - Setting next_dagrun for dag_for_news to 2024-04-21T00:00:00+00:00, run_after=2024-04-22T00:00:00+00:00
[2024-04-21T12:26:59.196+0000] {processor.py:183} INFO - Processing /opt/airflow/dags/classificator.py took 0.087 seconds
[2024-04-21T12:27:29.232+0000] {processor.py:161} INFO - Started process (PID=892) to work on /opt/airflow/dags/classificator.py
[2024-04-21T12:27:29.233+0000] {processor.py:830} INFO - Processing file /opt/airflow/dags/classificator.py for tasks to queue
[2024-04-21T12:27:29.236+0000] {logging_mixin.py:188} INFO - [2024-04-21T12:27:29.235+0000] {dagbag.py:538} INFO - Filling up the DagBag from /opt/airflow/dags/classificator.py
[2024-04-21T12:27:29.249+0000] {processor.py:840} INFO - DAG(s) 'dag_for_news' retrieved from /opt/airflow/dags/classificator.py
[2024-04-21T12:27:29.267+0000] {logging_mixin.py:188} INFO - [2024-04-21T12:27:29.266+0000] {dag.py:3033} INFO - Sync 1 DAGs
[2024-04-21T12:27:29.285+0000] {logging_mixin.py:188} INFO - [2024-04-21T12:27:29.285+0000] {dag.py:3820} INFO - Setting next_dagrun for dag_for_news to 2024-04-21T00:00:00+00:00, run_after=2024-04-22T00:00:00+00:00
[2024-04-21T12:27:29.307+0000] {processor.py:183} INFO - Processing /opt/airflow/dags/classificator.py took 0.077 seconds
[2024-04-21T12:27:59.577+0000] {processor.py:161} INFO - Started process (PID=948) to work on /opt/airflow/dags/classificator.py
[2024-04-21T12:27:59.579+0000] {processor.py:830} INFO - Processing file /opt/airflow/dags/classificator.py for tasks to queue
[2024-04-21T12:27:59.581+0000] {logging_mixin.py:188} INFO - [2024-04-21T12:27:59.581+0000] {dagbag.py:538} INFO - Filling up the DagBag from /opt/airflow/dags/classificator.py
[2024-04-21T12:27:59.597+0000] {processor.py:840} INFO - DAG(s) 'dag_for_news' retrieved from /opt/airflow/dags/classificator.py
[2024-04-21T12:27:59.616+0000] {logging_mixin.py:188} INFO - [2024-04-21T12:27:59.615+0000] {dag.py:3033} INFO - Sync 1 DAGs
[2024-04-21T12:27:59.640+0000] {logging_mixin.py:188} INFO - [2024-04-21T12:27:59.639+0000] {dag.py:3820} INFO - Setting next_dagrun for dag_for_news to 2024-04-21T00:00:00+00:00, run_after=2024-04-22T00:00:00+00:00
[2024-04-21T12:27:59.662+0000] {processor.py:183} INFO - Processing /opt/airflow/dags/classificator.py took 0.089 seconds
[2024-04-21T12:28:29.818+0000] {processor.py:161} INFO - Started process (PID=1004) to work on /opt/airflow/dags/classificator.py
[2024-04-21T12:28:29.820+0000] {processor.py:830} INFO - Processing file /opt/airflow/dags/classificator.py for tasks to queue
[2024-04-21T12:28:29.822+0000] {logging_mixin.py:188} INFO - [2024-04-21T12:28:29.822+0000] {dagbag.py:538} INFO - Filling up the DagBag from /opt/airflow/dags/classificator.py
[2024-04-21T12:28:29.837+0000] {processor.py:840} INFO - DAG(s) 'dag_for_news' retrieved from /opt/airflow/dags/classificator.py
[2024-04-21T12:28:29.857+0000] {logging_mixin.py:188} INFO - [2024-04-21T12:28:29.857+0000] {dag.py:3033} INFO - Sync 1 DAGs
[2024-04-21T12:28:29.877+0000] {logging_mixin.py:188} INFO - [2024-04-21T12:28:29.877+0000] {dag.py:3820} INFO - Setting next_dagrun for dag_for_news to 2024-04-21T00:00:00+00:00, run_after=2024-04-22T00:00:00+00:00
[2024-04-21T12:28:29.898+0000] {processor.py:183} INFO - Processing /opt/airflow/dags/classificator.py took 0.083 seconds
[2024-04-21T12:29:00.274+0000] {processor.py:161} INFO - Started process (PID=1060) to work on /opt/airflow/dags/classificator.py
[2024-04-21T12:29:00.276+0000] {processor.py:830} INFO - Processing file /opt/airflow/dags/classificator.py for tasks to queue
[2024-04-21T12:29:00.278+0000] {logging_mixin.py:188} INFO - [2024-04-21T12:29:00.278+0000] {dagbag.py:538} INFO - Filling up the DagBag from /opt/airflow/dags/classificator.py
[2024-04-21T12:29:00.295+0000] {processor.py:840} INFO - DAG(s) 'dag_for_news' retrieved from /opt/airflow/dags/classificator.py
[2024-04-21T12:29:00.313+0000] {logging_mixin.py:188} INFO - [2024-04-21T12:29:00.313+0000] {dag.py:3033} INFO - Sync 1 DAGs
[2024-04-21T12:29:00.334+0000] {logging_mixin.py:188} INFO - [2024-04-21T12:29:00.334+0000] {dag.py:3820} INFO - Setting next_dagrun for dag_for_news to 2024-04-21T00:00:00+00:00, run_after=2024-04-22T00:00:00+00:00
[2024-04-21T12:29:00.356+0000] {processor.py:183} INFO - Processing /opt/airflow/dags/classificator.py took 0.086 seconds
[2024-04-21T12:29:30.675+0000] {processor.py:161} INFO - Started process (PID=1116) to work on /opt/airflow/dags/classificator.py
[2024-04-21T12:29:30.676+0000] {processor.py:830} INFO - Processing file /opt/airflow/dags/classificator.py for tasks to queue
[2024-04-21T12:29:30.680+0000] {logging_mixin.py:188} INFO - [2024-04-21T12:29:30.680+0000] {dagbag.py:538} INFO - Filling up the DagBag from /opt/airflow/dags/classificator.py
[2024-04-21T12:29:30.697+0000] {processor.py:840} INFO - DAG(s) 'dag_for_news' retrieved from /opt/airflow/dags/classificator.py
[2024-04-21T12:29:30.716+0000] {logging_mixin.py:188} INFO - [2024-04-21T12:29:30.716+0000] {dag.py:3033} INFO - Sync 1 DAGs
[2024-04-21T12:29:30.740+0000] {logging_mixin.py:188} INFO - [2024-04-21T12:29:30.740+0000] {dag.py:3820} INFO - Setting next_dagrun for dag_for_news to 2024-04-21T00:00:00+00:00, run_after=2024-04-22T00:00:00+00:00
[2024-04-21T12:29:30.766+0000] {processor.py:183} INFO - Processing /opt/airflow/dags/classificator.py took 0.095 seconds
[2024-04-21T12:30:01.220+0000] {processor.py:161} INFO - Started process (PID=1172) to work on /opt/airflow/dags/classificator.py
[2024-04-21T12:30:01.222+0000] {processor.py:830} INFO - Processing file /opt/airflow/dags/classificator.py for tasks to queue
[2024-04-21T12:30:01.224+0000] {logging_mixin.py:188} INFO - [2024-04-21T12:30:01.224+0000] {dagbag.py:538} INFO - Filling up the DagBag from /opt/airflow/dags/classificator.py
[2024-04-21T12:30:01.239+0000] {processor.py:840} INFO - DAG(s) 'dag_for_news' retrieved from /opt/airflow/dags/classificator.py
[2024-04-21T12:30:01.259+0000] {logging_mixin.py:188} INFO - [2024-04-21T12:30:01.259+0000] {dag.py:3033} INFO - Sync 1 DAGs
[2024-04-21T12:30:01.279+0000] {logging_mixin.py:188} INFO - [2024-04-21T12:30:01.279+0000] {dag.py:3820} INFO - Setting next_dagrun for dag_for_news to 2024-04-21T00:00:00+00:00, run_after=2024-04-22T00:00:00+00:00
[2024-04-21T12:30:01.302+0000] {processor.py:183} INFO - Processing /opt/airflow/dags/classificator.py took 0.086 seconds
[2024-04-21T12:30:31.551+0000] {processor.py:161} INFO - Started process (PID=1228) to work on /opt/airflow/dags/classificator.py
[2024-04-21T12:30:31.553+0000] {processor.py:830} INFO - Processing file /opt/airflow/dags/classificator.py for tasks to queue
[2024-04-21T12:30:31.556+0000] {logging_mixin.py:188} INFO - [2024-04-21T12:30:31.555+0000] {dagbag.py:538} INFO - Filling up the DagBag from /opt/airflow/dags/classificator.py
[2024-04-21T12:30:31.570+0000] {processor.py:840} INFO - DAG(s) 'dag_for_news' retrieved from /opt/airflow/dags/classificator.py
[2024-04-21T12:30:31.589+0000] {logging_mixin.py:188} INFO - [2024-04-21T12:30:31.589+0000] {dag.py:3033} INFO - Sync 1 DAGs
[2024-04-21T12:30:31.608+0000] {logging_mixin.py:188} INFO - [2024-04-21T12:30:31.608+0000] {dag.py:3820} INFO - Setting next_dagrun for dag_for_news to 2024-04-21T00:00:00+00:00, run_after=2024-04-22T00:00:00+00:00
[2024-04-21T12:30:31.624+0000] {processor.py:183} INFO - Processing /opt/airflow/dags/classificator.py took 0.076 seconds
[2024-04-21T12:31:02.460+0000] {processor.py:161} INFO - Started process (PID=1284) to work on /opt/airflow/dags/classificator.py
[2024-04-21T12:31:02.463+0000] {processor.py:830} INFO - Processing file /opt/airflow/dags/classificator.py for tasks to queue
[2024-04-21T12:31:02.465+0000] {logging_mixin.py:188} INFO - [2024-04-21T12:31:02.465+0000] {dagbag.py:538} INFO - Filling up the DagBag from /opt/airflow/dags/classificator.py
[2024-04-21T12:31:02.481+0000] {processor.py:840} INFO - DAG(s) 'dag_for_news' retrieved from /opt/airflow/dags/classificator.py
[2024-04-21T12:31:02.499+0000] {logging_mixin.py:188} INFO - [2024-04-21T12:31:02.499+0000] {dag.py:3033} INFO - Sync 1 DAGs
[2024-04-21T12:31:02.520+0000] {logging_mixin.py:188} INFO - [2024-04-21T12:31:02.520+0000] {dag.py:3820} INFO - Setting next_dagrun for dag_for_news to 2024-04-21T00:00:00+00:00, run_after=2024-04-22T00:00:00+00:00
[2024-04-21T12:31:02.541+0000] {processor.py:183} INFO - Processing /opt/airflow/dags/classificator.py took 0.085 seconds
[2024-04-21T12:31:32.620+0000] {processor.py:161} INFO - Started process (PID=1340) to work on /opt/airflow/dags/classificator.py
[2024-04-21T12:31:32.622+0000] {processor.py:830} INFO - Processing file /opt/airflow/dags/classificator.py for tasks to queue
[2024-04-21T12:31:32.624+0000] {logging_mixin.py:188} INFO - [2024-04-21T12:31:32.624+0000] {dagbag.py:538} INFO - Filling up the DagBag from /opt/airflow/dags/classificator.py
[2024-04-21T12:31:32.641+0000] {processor.py:840} INFO - DAG(s) 'dag_for_news' retrieved from /opt/airflow/dags/classificator.py
[2024-04-21T12:31:32.659+0000] {logging_mixin.py:188} INFO - [2024-04-21T12:31:32.659+0000] {dag.py:3033} INFO - Sync 1 DAGs
[2024-04-21T12:31:32.679+0000] {logging_mixin.py:188} INFO - [2024-04-21T12:31:32.679+0000] {dag.py:3820} INFO - Setting next_dagrun for dag_for_news to 2024-04-21T00:00:00+00:00, run_after=2024-04-22T00:00:00+00:00
[2024-04-21T12:31:32.696+0000] {processor.py:183} INFO - Processing /opt/airflow/dags/classificator.py took 0.080 seconds
[2024-04-21T12:32:02.780+0000] {processor.py:161} INFO - Started process (PID=1396) to work on /opt/airflow/dags/classificator.py
[2024-04-21T12:32:02.782+0000] {processor.py:830} INFO - Processing file /opt/airflow/dags/classificator.py for tasks to queue
[2024-04-21T12:32:02.785+0000] {logging_mixin.py:188} INFO - [2024-04-21T12:32:02.785+0000] {dagbag.py:538} INFO - Filling up the DagBag from /opt/airflow/dags/classificator.py
[2024-04-21T12:32:02.800+0000] {processor.py:840} INFO - DAG(s) 'dag_for_news' retrieved from /opt/airflow/dags/classificator.py
[2024-04-21T12:32:02.822+0000] {logging_mixin.py:188} INFO - [2024-04-21T12:32:02.822+0000] {dag.py:3033} INFO - Sync 1 DAGs
[2024-04-21T12:32:02.845+0000] {logging_mixin.py:188} INFO - [2024-04-21T12:32:02.845+0000] {dag.py:3820} INFO - Setting next_dagrun for dag_for_news to 2024-04-21T00:00:00+00:00, run_after=2024-04-22T00:00:00+00:00
[2024-04-21T12:32:02.862+0000] {processor.py:183} INFO - Processing /opt/airflow/dags/classificator.py took 0.087 seconds
[2024-04-21T12:32:33.227+0000] {processor.py:161} INFO - Started process (PID=1452) to work on /opt/airflow/dags/classificator.py
[2024-04-21T12:32:33.230+0000] {processor.py:830} INFO - Processing file /opt/airflow/dags/classificator.py for tasks to queue
[2024-04-21T12:32:33.235+0000] {logging_mixin.py:188} INFO - [2024-04-21T12:32:33.234+0000] {dagbag.py:538} INFO - Filling up the DagBag from /opt/airflow/dags/classificator.py
[2024-04-21T12:32:33.268+0000] {processor.py:840} INFO - DAG(s) 'dag_for_news' retrieved from /opt/airflow/dags/classificator.py
[2024-04-21T12:32:33.318+0000] {logging_mixin.py:188} INFO - [2024-04-21T12:32:33.318+0000] {dag.py:3033} INFO - Sync 1 DAGs
[2024-04-21T12:32:33.349+0000] {logging_mixin.py:188} INFO - [2024-04-21T12:32:33.349+0000] {dag.py:3820} INFO - Setting next_dagrun for dag_for_news to 2024-04-21T00:00:00+00:00, run_after=2024-04-22T00:00:00+00:00
[2024-04-21T12:32:33.371+0000] {processor.py:183} INFO - Processing /opt/airflow/dags/classificator.py took 0.149 seconds
[2024-04-21T12:33:03.568+0000] {processor.py:161} INFO - Started process (PID=1508) to work on /opt/airflow/dags/classificator.py
[2024-04-21T12:33:03.569+0000] {processor.py:830} INFO - Processing file /opt/airflow/dags/classificator.py for tasks to queue
[2024-04-21T12:33:03.572+0000] {logging_mixin.py:188} INFO - [2024-04-21T12:33:03.572+0000] {dagbag.py:538} INFO - Filling up the DagBag from /opt/airflow/dags/classificator.py
[2024-04-21T12:33:03.590+0000] {processor.py:840} INFO - DAG(s) 'dag_for_news' retrieved from /opt/airflow/dags/classificator.py
[2024-04-21T12:33:03.612+0000] {logging_mixin.py:188} INFO - [2024-04-21T12:33:03.612+0000] {dag.py:3033} INFO - Sync 1 DAGs
[2024-04-21T12:33:03.637+0000] {logging_mixin.py:188} INFO - [2024-04-21T12:33:03.637+0000] {dag.py:3820} INFO - Setting next_dagrun for dag_for_news to 2024-04-21T00:00:00+00:00, run_after=2024-04-22T00:00:00+00:00
[2024-04-21T12:33:03.664+0000] {processor.py:183} INFO - Processing /opt/airflow/dags/classificator.py took 0.101 seconds
[2024-04-21T12:33:33.740+0000] {processor.py:161} INFO - Started process (PID=1564) to work on /opt/airflow/dags/classificator.py
[2024-04-21T12:33:33.742+0000] {processor.py:830} INFO - Processing file /opt/airflow/dags/classificator.py for tasks to queue
[2024-04-21T12:33:33.745+0000] {logging_mixin.py:188} INFO - [2024-04-21T12:33:33.745+0000] {dagbag.py:538} INFO - Filling up the DagBag from /opt/airflow/dags/classificator.py
[2024-04-21T12:33:33.761+0000] {processor.py:840} INFO - DAG(s) 'dag_for_news' retrieved from /opt/airflow/dags/classificator.py
[2024-04-21T12:33:33.796+0000] {logging_mixin.py:188} INFO - [2024-04-21T12:33:33.795+0000] {dag.py:3033} INFO - Sync 1 DAGs
[2024-04-21T12:33:33.826+0000] {logging_mixin.py:188} INFO - [2024-04-21T12:33:33.826+0000] {dag.py:3820} INFO - Setting next_dagrun for dag_for_news to 2024-04-21T00:00:00+00:00, run_after=2024-04-22T00:00:00+00:00
[2024-04-21T12:33:33.851+0000] {processor.py:183} INFO - Processing /opt/airflow/dags/classificator.py took 0.114 seconds
[2024-04-21T12:34:14.722+0000] {processor.py:161} INFO - Started process (PID=1620) to work on /opt/airflow/dags/classificator.py
[2024-04-21T12:34:14.725+0000] {processor.py:830} INFO - Processing file /opt/airflow/dags/classificator.py for tasks to queue
[2024-04-21T12:34:14.765+0000] {logging_mixin.py:188} INFO - [2024-04-21T12:34:14.761+0000] {dagbag.py:538} INFO - Filling up the DagBag from /opt/airflow/dags/classificator.py
[2024-04-21T12:34:14.885+0000] {processor.py:840} INFO - DAG(s) 'dag_for_news' retrieved from /opt/airflow/dags/classificator.py
[2024-04-21T12:34:14.975+0000] {logging_mixin.py:188} INFO - [2024-04-21T12:34:14.974+0000] {dag.py:3033} INFO - Sync 1 DAGs
[2024-04-21T12:34:15.039+0000] {logging_mixin.py:188} INFO - [2024-04-21T12:34:15.038+0000] {dag.py:3820} INFO - Setting next_dagrun for dag_for_news to 2024-04-21T00:00:00+00:00, run_after=2024-04-22T00:00:00+00:00
[2024-04-21T12:34:15.652+0000] {processor.py:183} INFO - Processing /opt/airflow/dags/classificator.py took 3.327 seconds
[2024-04-21T12:34:45.978+0000] {processor.py:161} INFO - Started process (PID=1679) to work on /opt/airflow/dags/classificator.py
[2024-04-21T12:34:45.981+0000] {processor.py:830} INFO - Processing file /opt/airflow/dags/classificator.py for tasks to queue
[2024-04-21T12:34:45.988+0000] {logging_mixin.py:188} INFO - [2024-04-21T12:34:45.987+0000] {dagbag.py:538} INFO - Filling up the DagBag from /opt/airflow/dags/classificator.py
[2024-04-21T12:34:46.028+0000] {processor.py:840} INFO - DAG(s) 'dag_for_news' retrieved from /opt/airflow/dags/classificator.py
[2024-04-21T12:34:46.077+0000] {logging_mixin.py:188} INFO - [2024-04-21T12:34:46.077+0000] {dag.py:3033} INFO - Sync 1 DAGs
[2024-04-21T12:34:46.136+0000] {logging_mixin.py:188} INFO - [2024-04-21T12:34:46.136+0000] {dag.py:3820} INFO - Setting next_dagrun for dag_for_news to 2024-04-21T00:00:00+00:00, run_after=2024-04-22T00:00:00+00:00
[2024-04-21T12:34:46.186+0000] {processor.py:183} INFO - Processing /opt/airflow/dags/classificator.py took 0.222 seconds
[2024-04-21T12:35:16.558+0000] {processor.py:161} INFO - Started process (PID=1735) to work on /opt/airflow/dags/classificator.py
[2024-04-21T12:35:16.562+0000] {processor.py:830} INFO - Processing file /opt/airflow/dags/classificator.py for tasks to queue
[2024-04-21T12:35:16.568+0000] {logging_mixin.py:188} INFO - [2024-04-21T12:35:16.566+0000] {dagbag.py:538} INFO - Filling up the DagBag from /opt/airflow/dags/classificator.py
[2024-04-21T12:35:16.598+0000] {processor.py:840} INFO - DAG(s) 'dag_for_news' retrieved from /opt/airflow/dags/classificator.py
[2024-04-21T12:35:16.647+0000] {logging_mixin.py:188} INFO - [2024-04-21T12:35:16.646+0000] {dag.py:3033} INFO - Sync 1 DAGs
[2024-04-21T12:35:16.688+0000] {logging_mixin.py:188} INFO - [2024-04-21T12:35:16.687+0000] {dag.py:3820} INFO - Setting next_dagrun for dag_for_news to 2024-04-21T00:00:00+00:00, run_after=2024-04-22T00:00:00+00:00
[2024-04-21T12:35:16.720+0000] {processor.py:183} INFO - Processing /opt/airflow/dags/classificator.py took 0.172 seconds
[2024-04-21T12:35:47.073+0000] {processor.py:161} INFO - Started process (PID=1791) to work on /opt/airflow/dags/classificator.py
[2024-04-21T12:35:47.075+0000] {processor.py:830} INFO - Processing file /opt/airflow/dags/classificator.py for tasks to queue
[2024-04-21T12:35:47.078+0000] {logging_mixin.py:188} INFO - [2024-04-21T12:35:47.078+0000] {dagbag.py:538} INFO - Filling up the DagBag from /opt/airflow/dags/classificator.py
[2024-04-21T12:35:47.101+0000] {processor.py:840} INFO - DAG(s) 'dag_for_news' retrieved from /opt/airflow/dags/classificator.py
[2024-04-21T12:35:47.121+0000] {logging_mixin.py:188} INFO - [2024-04-21T12:35:47.121+0000] {dag.py:3033} INFO - Sync 1 DAGs
[2024-04-21T12:35:47.144+0000] {logging_mixin.py:188} INFO - [2024-04-21T12:35:47.144+0000] {dag.py:3820} INFO - Setting next_dagrun for dag_for_news to 2024-04-21T00:00:00+00:00, run_after=2024-04-22T00:00:00+00:00
[2024-04-21T12:35:47.163+0000] {processor.py:183} INFO - Processing /opt/airflow/dags/classificator.py took 0.094 seconds
[2024-04-21T12:36:17.819+0000] {processor.py:161} INFO - Started process (PID=1847) to work on /opt/airflow/dags/classificator.py
[2024-04-21T12:36:17.821+0000] {processor.py:830} INFO - Processing file /opt/airflow/dags/classificator.py for tasks to queue
[2024-04-21T12:36:17.824+0000] {logging_mixin.py:188} INFO - [2024-04-21T12:36:17.824+0000] {dagbag.py:538} INFO - Filling up the DagBag from /opt/airflow/dags/classificator.py
[2024-04-21T12:36:17.841+0000] {processor.py:840} INFO - DAG(s) 'dag_for_news' retrieved from /opt/airflow/dags/classificator.py
[2024-04-21T12:36:17.860+0000] {logging_mixin.py:188} INFO - [2024-04-21T12:36:17.860+0000] {dag.py:3033} INFO - Sync 1 DAGs
[2024-04-21T12:36:18.026+0000] {logging_mixin.py:188} INFO - [2024-04-21T12:36:18.026+0000] {dag.py:3820} INFO - Setting next_dagrun for dag_for_news to 2024-04-21T00:00:00+00:00, run_after=2024-04-22T00:00:00+00:00
[2024-04-21T12:36:18.050+0000] {processor.py:183} INFO - Processing /opt/airflow/dags/classificator.py took 0.236 seconds
[2024-04-21T12:36:48.689+0000] {processor.py:161} INFO - Started process (PID=1903) to work on /opt/airflow/dags/classificator.py
[2024-04-21T12:36:48.691+0000] {processor.py:830} INFO - Processing file /opt/airflow/dags/classificator.py for tasks to queue
[2024-04-21T12:36:48.694+0000] {logging_mixin.py:188} INFO - [2024-04-21T12:36:48.693+0000] {dagbag.py:538} INFO - Filling up the DagBag from /opt/airflow/dags/classificator.py
[2024-04-21T12:36:48.711+0000] {processor.py:840} INFO - DAG(s) 'dag_for_news' retrieved from /opt/airflow/dags/classificator.py
[2024-04-21T12:36:48.731+0000] {logging_mixin.py:188} INFO - [2024-04-21T12:36:48.731+0000] {dag.py:3033} INFO - Sync 1 DAGs
[2024-04-21T12:36:48.896+0000] {logging_mixin.py:188} INFO - [2024-04-21T12:36:48.896+0000] {dag.py:3820} INFO - Setting next_dagrun for dag_for_news to 2024-04-21T00:00:00+00:00, run_after=2024-04-22T00:00:00+00:00
[2024-04-21T12:36:48.917+0000] {processor.py:183} INFO - Processing /opt/airflow/dags/classificator.py took 0.233 seconds
[2024-04-21T12:37:19.901+0000] {processor.py:161} INFO - Started process (PID=1959) to work on /opt/airflow/dags/classificator.py
[2024-04-21T12:37:19.903+0000] {processor.py:830} INFO - Processing file /opt/airflow/dags/classificator.py for tasks to queue
[2024-04-21T12:37:19.906+0000] {logging_mixin.py:188} INFO - [2024-04-21T12:37:19.906+0000] {dagbag.py:538} INFO - Filling up the DagBag from /opt/airflow/dags/classificator.py
[2024-04-21T12:37:19.922+0000] {processor.py:840} INFO - DAG(s) 'dag_for_news' retrieved from /opt/airflow/dags/classificator.py
[2024-04-21T12:37:19.942+0000] {logging_mixin.py:188} INFO - [2024-04-21T12:37:19.941+0000] {dag.py:3033} INFO - Sync 1 DAGs
[2024-04-21T12:37:19.964+0000] {logging_mixin.py:188} INFO - [2024-04-21T12:37:19.964+0000] {dag.py:3820} INFO - Setting next_dagrun for dag_for_news to 2024-04-21T00:00:00+00:00, run_after=2024-04-22T00:00:00+00:00
[2024-04-21T12:37:19.987+0000] {processor.py:183} INFO - Processing /opt/airflow/dags/classificator.py took 0.090 seconds
[2024-04-21T12:37:50.978+0000] {processor.py:161} INFO - Started process (PID=2015) to work on /opt/airflow/dags/classificator.py
[2024-04-21T12:37:50.981+0000] {processor.py:830} INFO - Processing file /opt/airflow/dags/classificator.py for tasks to queue
[2024-04-21T12:37:50.984+0000] {logging_mixin.py:188} INFO - [2024-04-21T12:37:50.984+0000] {dagbag.py:538} INFO - Filling up the DagBag from /opt/airflow/dags/classificator.py
[2024-04-21T12:37:51.001+0000] {processor.py:840} INFO - DAG(s) 'dag_for_news' retrieved from /opt/airflow/dags/classificator.py
[2024-04-21T12:37:51.022+0000] {logging_mixin.py:188} INFO - [2024-04-21T12:37:51.022+0000] {dag.py:3033} INFO - Sync 1 DAGs
[2024-04-21T12:37:51.044+0000] {logging_mixin.py:188} INFO - [2024-04-21T12:37:51.043+0000] {dag.py:3820} INFO - Setting next_dagrun for dag_for_news to 2024-04-21T00:00:00+00:00, run_after=2024-04-22T00:00:00+00:00
[2024-04-21T12:37:51.061+0000] {processor.py:183} INFO - Processing /opt/airflow/dags/classificator.py took 0.087 seconds
[2024-04-21T12:38:21.199+0000] {processor.py:161} INFO - Started process (PID=2071) to work on /opt/airflow/dags/classificator.py
[2024-04-21T12:38:21.200+0000] {processor.py:830} INFO - Processing file /opt/airflow/dags/classificator.py for tasks to queue
[2024-04-21T12:38:21.203+0000] {logging_mixin.py:188} INFO - [2024-04-21T12:38:21.203+0000] {dagbag.py:538} INFO - Filling up the DagBag from /opt/airflow/dags/classificator.py
[2024-04-21T12:38:21.219+0000] {processor.py:840} INFO - DAG(s) 'dag_for_news' retrieved from /opt/airflow/dags/classificator.py
[2024-04-21T12:38:21.239+0000] {logging_mixin.py:188} INFO - [2024-04-21T12:38:21.239+0000] {dag.py:3033} INFO - Sync 1 DAGs
[2024-04-21T12:38:21.261+0000] {logging_mixin.py:188} INFO - [2024-04-21T12:38:21.261+0000] {dag.py:3820} INFO - Setting next_dagrun for dag_for_news to 2024-04-21T00:00:00+00:00, run_after=2024-04-22T00:00:00+00:00
[2024-04-21T12:38:21.280+0000] {processor.py:183} INFO - Processing /opt/airflow/dags/classificator.py took 0.086 seconds
[2024-04-21T12:38:51.398+0000] {processor.py:161} INFO - Started process (PID=2127) to work on /opt/airflow/dags/classificator.py
[2024-04-21T12:38:51.400+0000] {processor.py:830} INFO - Processing file /opt/airflow/dags/classificator.py for tasks to queue
[2024-04-21T12:38:51.403+0000] {logging_mixin.py:188} INFO - [2024-04-21T12:38:51.403+0000] {dagbag.py:538} INFO - Filling up the DagBag from /opt/airflow/dags/classificator.py
[2024-04-21T12:38:51.420+0000] {processor.py:840} INFO - DAG(s) 'dag_for_news' retrieved from /opt/airflow/dags/classificator.py
[2024-04-21T12:38:51.441+0000] {logging_mixin.py:188} INFO - [2024-04-21T12:38:51.441+0000] {dag.py:3033} INFO - Sync 1 DAGs
[2024-04-21T12:38:51.463+0000] {logging_mixin.py:188} INFO - [2024-04-21T12:38:51.463+0000] {dag.py:3820} INFO - Setting next_dagrun for dag_for_news to 2024-04-21T00:00:00+00:00, run_after=2024-04-22T00:00:00+00:00
[2024-04-21T12:38:51.485+0000] {processor.py:183} INFO - Processing /opt/airflow/dags/classificator.py took 0.093 seconds
[2024-04-21T12:39:21.690+0000] {processor.py:161} INFO - Started process (PID=2183) to work on /opt/airflow/dags/classificator.py
[2024-04-21T12:39:21.691+0000] {processor.py:830} INFO - Processing file /opt/airflow/dags/classificator.py for tasks to queue
[2024-04-21T12:39:21.694+0000] {logging_mixin.py:188} INFO - [2024-04-21T12:39:21.694+0000] {dagbag.py:538} INFO - Filling up the DagBag from /opt/airflow/dags/classificator.py
[2024-04-21T12:39:21.710+0000] {processor.py:840} INFO - DAG(s) 'dag_for_news' retrieved from /opt/airflow/dags/classificator.py
[2024-04-21T12:39:21.731+0000] {logging_mixin.py:188} INFO - [2024-04-21T12:39:21.730+0000] {dag.py:3033} INFO - Sync 1 DAGs
[2024-04-21T12:39:21.753+0000] {logging_mixin.py:188} INFO - [2024-04-21T12:39:21.753+0000] {dag.py:3820} INFO - Setting next_dagrun for dag_for_news to 2024-04-21T00:00:00+00:00, run_after=2024-04-22T00:00:00+00:00
[2024-04-21T12:39:21.775+0000] {processor.py:183} INFO - Processing /opt/airflow/dags/classificator.py took 0.091 seconds
[2024-04-21T12:39:52.444+0000] {processor.py:161} INFO - Started process (PID=2239) to work on /opt/airflow/dags/classificator.py
[2024-04-21T12:39:52.445+0000] {processor.py:830} INFO - Processing file /opt/airflow/dags/classificator.py for tasks to queue
[2024-04-21T12:39:52.448+0000] {logging_mixin.py:188} INFO - [2024-04-21T12:39:52.447+0000] {dagbag.py:538} INFO - Filling up the DagBag from /opt/airflow/dags/classificator.py
[2024-04-21T12:39:52.461+0000] {processor.py:840} INFO - DAG(s) 'dag_for_news' retrieved from /opt/airflow/dags/classificator.py
[2024-04-21T12:39:52.479+0000] {logging_mixin.py:188} INFO - [2024-04-21T12:39:52.479+0000] {dag.py:3033} INFO - Sync 1 DAGs
[2024-04-21T12:39:52.501+0000] {logging_mixin.py:188} INFO - [2024-04-21T12:39:52.501+0000] {dag.py:3820} INFO - Setting next_dagrun for dag_for_news to 2024-04-21T00:00:00+00:00, run_after=2024-04-22T00:00:00+00:00
[2024-04-21T12:39:52.520+0000] {processor.py:183} INFO - Processing /opt/airflow/dags/classificator.py took 0.080 seconds
[2024-04-21T12:40:23.090+0000] {processor.py:161} INFO - Started process (PID=2295) to work on /opt/airflow/dags/classificator.py
[2024-04-21T12:40:23.091+0000] {processor.py:830} INFO - Processing file /opt/airflow/dags/classificator.py for tasks to queue
[2024-04-21T12:40:23.094+0000] {logging_mixin.py:188} INFO - [2024-04-21T12:40:23.094+0000] {dagbag.py:538} INFO - Filling up the DagBag from /opt/airflow/dags/classificator.py
[2024-04-21T12:40:23.113+0000] {processor.py:840} INFO - DAG(s) 'dag_for_news' retrieved from /opt/airflow/dags/classificator.py
[2024-04-21T12:40:23.135+0000] {logging_mixin.py:188} INFO - [2024-04-21T12:40:23.135+0000] {dag.py:3033} INFO - Sync 1 DAGs
[2024-04-21T12:40:23.157+0000] {logging_mixin.py:188} INFO - [2024-04-21T12:40:23.157+0000] {dag.py:3820} INFO - Setting next_dagrun for dag_for_news to 2024-04-21T00:00:00+00:00, run_after=2024-04-22T00:00:00+00:00
[2024-04-21T12:40:23.175+0000] {processor.py:183} INFO - Processing /opt/airflow/dags/classificator.py took 0.090 seconds
[2024-04-21T12:40:53.705+0000] {processor.py:161} INFO - Started process (PID=2351) to work on /opt/airflow/dags/classificator.py
[2024-04-21T12:40:53.706+0000] {processor.py:830} INFO - Processing file /opt/airflow/dags/classificator.py for tasks to queue
[2024-04-21T12:40:53.709+0000] {logging_mixin.py:188} INFO - [2024-04-21T12:40:53.709+0000] {dagbag.py:538} INFO - Filling up the DagBag from /opt/airflow/dags/classificator.py
[2024-04-21T12:40:53.726+0000] {processor.py:840} INFO - DAG(s) 'dag_for_news' retrieved from /opt/airflow/dags/classificator.py
[2024-04-21T12:40:53.747+0000] {logging_mixin.py:188} INFO - [2024-04-21T12:40:53.747+0000] {dag.py:3033} INFO - Sync 1 DAGs
[2024-04-21T12:40:53.768+0000] {logging_mixin.py:188} INFO - [2024-04-21T12:40:53.768+0000] {dag.py:3820} INFO - Setting next_dagrun for dag_for_news to 2024-04-21T00:00:00+00:00, run_after=2024-04-22T00:00:00+00:00
[2024-04-21T12:40:53.787+0000] {processor.py:183} INFO - Processing /opt/airflow/dags/classificator.py took 0.088 seconds
[2024-04-21T12:41:24.248+0000] {processor.py:161} INFO - Started process (PID=2407) to work on /opt/airflow/dags/classificator.py
[2024-04-21T12:41:24.249+0000] {processor.py:830} INFO - Processing file /opt/airflow/dags/classificator.py for tasks to queue
[2024-04-21T12:41:24.253+0000] {logging_mixin.py:188} INFO - [2024-04-21T12:41:24.252+0000] {dagbag.py:538} INFO - Filling up the DagBag from /opt/airflow/dags/classificator.py
[2024-04-21T12:41:24.265+0000] {processor.py:840} INFO - DAG(s) 'dag_for_news' retrieved from /opt/airflow/dags/classificator.py
[2024-04-21T12:41:24.283+0000] {logging_mixin.py:188} INFO - [2024-04-21T12:41:24.283+0000] {dag.py:3033} INFO - Sync 1 DAGs
[2024-04-21T12:41:24.303+0000] {logging_mixin.py:188} INFO - [2024-04-21T12:41:24.303+0000] {dag.py:3820} INFO - Setting next_dagrun for dag_for_news to 2024-04-21T00:00:00+00:00, run_after=2024-04-22T00:00:00+00:00
[2024-04-21T12:41:24.325+0000] {processor.py:183} INFO - Processing /opt/airflow/dags/classificator.py took 0.081 seconds
[2024-04-21T12:41:54.851+0000] {processor.py:161} INFO - Started process (PID=2463) to work on /opt/airflow/dags/classificator.py
[2024-04-21T12:41:54.853+0000] {processor.py:830} INFO - Processing file /opt/airflow/dags/classificator.py for tasks to queue
[2024-04-21T12:41:54.855+0000] {logging_mixin.py:188} INFO - [2024-04-21T12:41:54.855+0000] {dagbag.py:538} INFO - Filling up the DagBag from /opt/airflow/dags/classificator.py
[2024-04-21T12:41:54.870+0000] {processor.py:840} INFO - DAG(s) 'dag_for_news' retrieved from /opt/airflow/dags/classificator.py
[2024-04-21T12:41:54.889+0000] {logging_mixin.py:188} INFO - [2024-04-21T12:41:54.889+0000] {dag.py:3033} INFO - Sync 1 DAGs
[2024-04-21T12:41:54.910+0000] {logging_mixin.py:188} INFO - [2024-04-21T12:41:54.910+0000] {dag.py:3820} INFO - Setting next_dagrun for dag_for_news to 2024-04-21T00:00:00+00:00, run_after=2024-04-22T00:00:00+00:00
[2024-04-21T12:41:54.939+0000] {processor.py:183} INFO - Processing /opt/airflow/dags/classificator.py took 0.091 seconds
[2024-04-21T12:42:25.385+0000] {processor.py:161} INFO - Started process (PID=2519) to work on /opt/airflow/dags/classificator.py
[2024-04-21T12:42:25.387+0000] {processor.py:830} INFO - Processing file /opt/airflow/dags/classificator.py for tasks to queue
[2024-04-21T12:42:25.391+0000] {logging_mixin.py:188} INFO - [2024-04-21T12:42:25.390+0000] {dagbag.py:538} INFO - Filling up the DagBag from /opt/airflow/dags/classificator.py
[2024-04-21T12:42:25.410+0000] {processor.py:840} INFO - DAG(s) 'dag_for_news' retrieved from /opt/airflow/dags/classificator.py
[2024-04-21T12:42:25.431+0000] {logging_mixin.py:188} INFO - [2024-04-21T12:42:25.430+0000] {dag.py:3033} INFO - Sync 1 DAGs
[2024-04-21T12:42:25.457+0000] {logging_mixin.py:188} INFO - [2024-04-21T12:42:25.456+0000] {dag.py:3820} INFO - Setting next_dagrun for dag_for_news to 2024-04-21T00:00:00+00:00, run_after=2024-04-22T00:00:00+00:00
[2024-04-21T12:42:25.475+0000] {processor.py:183} INFO - Processing /opt/airflow/dags/classificator.py took 0.094 seconds
[2024-04-21T12:42:55.943+0000] {processor.py:161} INFO - Started process (PID=2575) to work on /opt/airflow/dags/classificator.py
[2024-04-21T12:42:55.944+0000] {processor.py:830} INFO - Processing file /opt/airflow/dags/classificator.py for tasks to queue
[2024-04-21T12:42:55.947+0000] {logging_mixin.py:188} INFO - [2024-04-21T12:42:55.946+0000] {dagbag.py:538} INFO - Filling up the DagBag from /opt/airflow/dags/classificator.py
[2024-04-21T12:42:55.960+0000] {processor.py:840} INFO - DAG(s) 'dag_for_news' retrieved from /opt/airflow/dags/classificator.py
[2024-04-21T12:42:55.979+0000] {logging_mixin.py:188} INFO - [2024-04-21T12:42:55.979+0000] {dag.py:3033} INFO - Sync 1 DAGs
[2024-04-21T12:42:56.002+0000] {logging_mixin.py:188} INFO - [2024-04-21T12:42:56.001+0000] {dag.py:3820} INFO - Setting next_dagrun for dag_for_news to 2024-04-21T00:00:00+00:00, run_after=2024-04-22T00:00:00+00:00
[2024-04-21T12:42:56.019+0000] {processor.py:183} INFO - Processing /opt/airflow/dags/classificator.py took 0.081 seconds
[2024-04-21T12:43:26.639+0000] {processor.py:161} INFO - Started process (PID=2631) to work on /opt/airflow/dags/classificator.py
[2024-04-21T12:43:26.641+0000] {processor.py:830} INFO - Processing file /opt/airflow/dags/classificator.py for tasks to queue
[2024-04-21T12:43:26.644+0000] {logging_mixin.py:188} INFO - [2024-04-21T12:43:26.644+0000] {dagbag.py:538} INFO - Filling up the DagBag from /opt/airflow/dags/classificator.py
[2024-04-21T12:43:26.659+0000] {processor.py:840} INFO - DAG(s) 'dag_for_news' retrieved from /opt/airflow/dags/classificator.py
[2024-04-21T12:43:26.682+0000] {logging_mixin.py:188} INFO - [2024-04-21T12:43:26.682+0000] {dag.py:3033} INFO - Sync 1 DAGs
[2024-04-21T12:43:26.702+0000] {logging_mixin.py:188} INFO - [2024-04-21T12:43:26.702+0000] {dag.py:3820} INFO - Setting next_dagrun for dag_for_news to 2024-04-21T00:00:00+00:00, run_after=2024-04-22T00:00:00+00:00
[2024-04-21T12:43:26.726+0000] {processor.py:183} INFO - Processing /opt/airflow/dags/classificator.py took 0.092 seconds
[2024-04-21T12:43:57.264+0000] {processor.py:161} INFO - Started process (PID=2687) to work on /opt/airflow/dags/classificator.py
[2024-04-21T12:43:57.265+0000] {processor.py:830} INFO - Processing file /opt/airflow/dags/classificator.py for tasks to queue
[2024-04-21T12:43:57.269+0000] {logging_mixin.py:188} INFO - [2024-04-21T12:43:57.268+0000] {dagbag.py:538} INFO - Filling up the DagBag from /opt/airflow/dags/classificator.py
[2024-04-21T12:43:57.284+0000] {processor.py:840} INFO - DAG(s) 'dag_for_news' retrieved from /opt/airflow/dags/classificator.py
[2024-04-21T12:43:57.302+0000] {logging_mixin.py:188} INFO - [2024-04-21T12:43:57.302+0000] {dag.py:3033} INFO - Sync 1 DAGs
[2024-04-21T12:43:57.322+0000] {logging_mixin.py:188} INFO - [2024-04-21T12:43:57.322+0000] {dag.py:3820} INFO - Setting next_dagrun for dag_for_news to 2024-04-21T00:00:00+00:00, run_after=2024-04-22T00:00:00+00:00
[2024-04-21T12:43:57.340+0000] {processor.py:183} INFO - Processing /opt/airflow/dags/classificator.py took 0.079 seconds
[2024-04-21T12:44:27.891+0000] {processor.py:161} INFO - Started process (PID=2743) to work on /opt/airflow/dags/classificator.py
[2024-04-21T12:44:27.893+0000] {processor.py:830} INFO - Processing file /opt/airflow/dags/classificator.py for tasks to queue
[2024-04-21T12:44:27.896+0000] {logging_mixin.py:188} INFO - [2024-04-21T12:44:27.896+0000] {dagbag.py:538} INFO - Filling up the DagBag from /opt/airflow/dags/classificator.py
[2024-04-21T12:44:27.913+0000] {processor.py:840} INFO - DAG(s) 'dag_for_news' retrieved from /opt/airflow/dags/classificator.py
[2024-04-21T12:44:27.932+0000] {logging_mixin.py:188} INFO - [2024-04-21T12:44:27.932+0000] {dag.py:3033} INFO - Sync 1 DAGs
[2024-04-21T12:44:27.953+0000] {logging_mixin.py:188} INFO - [2024-04-21T12:44:27.953+0000] {dag.py:3820} INFO - Setting next_dagrun for dag_for_news to 2024-04-21T00:00:00+00:00, run_after=2024-04-22T00:00:00+00:00
[2024-04-21T12:44:27.970+0000] {processor.py:183} INFO - Processing /opt/airflow/dags/classificator.py took 0.084 seconds
[2024-04-21T12:44:58.531+0000] {processor.py:161} INFO - Started process (PID=2799) to work on /opt/airflow/dags/classificator.py
[2024-04-21T12:44:58.533+0000] {processor.py:830} INFO - Processing file /opt/airflow/dags/classificator.py for tasks to queue
[2024-04-21T12:44:58.536+0000] {logging_mixin.py:188} INFO - [2024-04-21T12:44:58.535+0000] {dagbag.py:538} INFO - Filling up the DagBag from /opt/airflow/dags/classificator.py
[2024-04-21T12:44:58.552+0000] {processor.py:840} INFO - DAG(s) 'dag_for_news' retrieved from /opt/airflow/dags/classificator.py
[2024-04-21T12:44:58.570+0000] {logging_mixin.py:188} INFO - [2024-04-21T12:44:58.570+0000] {dag.py:3033} INFO - Sync 1 DAGs
[2024-04-21T12:44:58.591+0000] {logging_mixin.py:188} INFO - [2024-04-21T12:44:58.591+0000] {dag.py:3820} INFO - Setting next_dagrun for dag_for_news to 2024-04-21T00:00:00+00:00, run_after=2024-04-22T00:00:00+00:00
[2024-04-21T12:44:58.608+0000] {processor.py:183} INFO - Processing /opt/airflow/dags/classificator.py took 0.081 seconds
[2024-04-21T12:45:29.109+0000] {processor.py:161} INFO - Started process (PID=2855) to work on /opt/airflow/dags/classificator.py
[2024-04-21T12:45:29.110+0000] {processor.py:830} INFO - Processing file /opt/airflow/dags/classificator.py for tasks to queue
[2024-04-21T12:45:29.114+0000] {logging_mixin.py:188} INFO - [2024-04-21T12:45:29.113+0000] {dagbag.py:538} INFO - Filling up the DagBag from /opt/airflow/dags/classificator.py
[2024-04-21T12:45:29.139+0000] {processor.py:840} INFO - DAG(s) 'dag_for_news' retrieved from /opt/airflow/dags/classificator.py
[2024-04-21T12:45:29.158+0000] {logging_mixin.py:188} INFO - [2024-04-21T12:45:29.158+0000] {dag.py:3033} INFO - Sync 1 DAGs
[2024-04-21T12:45:29.179+0000] {logging_mixin.py:188} INFO - [2024-04-21T12:45:29.179+0000] {dag.py:3820} INFO - Setting next_dagrun for dag_for_news to 2024-04-21T00:00:00+00:00, run_after=2024-04-22T00:00:00+00:00
[2024-04-21T12:45:29.195+0000] {processor.py:183} INFO - Processing /opt/airflow/dags/classificator.py took 0.091 seconds
[2024-04-21T12:45:59.615+0000] {processor.py:161} INFO - Started process (PID=2911) to work on /opt/airflow/dags/classificator.py
[2024-04-21T12:45:59.617+0000] {processor.py:830} INFO - Processing file /opt/airflow/dags/classificator.py for tasks to queue
[2024-04-21T12:45:59.620+0000] {logging_mixin.py:188} INFO - [2024-04-21T12:45:59.619+0000] {dagbag.py:538} INFO - Filling up the DagBag from /opt/airflow/dags/classificator.py
[2024-04-21T12:45:59.638+0000] {processor.py:840} INFO - DAG(s) 'dag_for_news' retrieved from /opt/airflow/dags/classificator.py
[2024-04-21T12:45:59.657+0000] {logging_mixin.py:188} INFO - [2024-04-21T12:45:59.657+0000] {dag.py:3033} INFO - Sync 1 DAGs
[2024-04-21T12:45:59.678+0000] {logging_mixin.py:188} INFO - [2024-04-21T12:45:59.678+0000] {dag.py:3820} INFO - Setting next_dagrun for dag_for_news to 2024-04-21T00:00:00+00:00, run_after=2024-04-22T00:00:00+00:00
[2024-04-21T12:45:59.701+0000] {processor.py:183} INFO - Processing /opt/airflow/dags/classificator.py took 0.091 seconds
[2024-04-21T12:46:30.202+0000] {processor.py:161} INFO - Started process (PID=2967) to work on /opt/airflow/dags/classificator.py
[2024-04-21T12:46:30.204+0000] {processor.py:830} INFO - Processing file /opt/airflow/dags/classificator.py for tasks to queue
[2024-04-21T12:46:30.207+0000] {logging_mixin.py:188} INFO - [2024-04-21T12:46:30.207+0000] {dagbag.py:538} INFO - Filling up the DagBag from /opt/airflow/dags/classificator.py
[2024-04-21T12:46:30.221+0000] {processor.py:840} INFO - DAG(s) 'dag_for_news' retrieved from /opt/airflow/dags/classificator.py
[2024-04-21T12:46:30.240+0000] {logging_mixin.py:188} INFO - [2024-04-21T12:46:30.240+0000] {dag.py:3033} INFO - Sync 1 DAGs
[2024-04-21T12:46:30.261+0000] {logging_mixin.py:188} INFO - [2024-04-21T12:46:30.261+0000] {dag.py:3820} INFO - Setting next_dagrun for dag_for_news to 2024-04-21T00:00:00+00:00, run_after=2024-04-22T00:00:00+00:00
[2024-04-21T12:46:30.279+0000] {processor.py:183} INFO - Processing /opt/airflow/dags/classificator.py took 0.080 seconds
[2024-04-21T12:47:00.697+0000] {processor.py:161} INFO - Started process (PID=3023) to work on /opt/airflow/dags/classificator.py
[2024-04-21T12:47:00.699+0000] {processor.py:830} INFO - Processing file /opt/airflow/dags/classificator.py for tasks to queue
[2024-04-21T12:47:00.702+0000] {logging_mixin.py:188} INFO - [2024-04-21T12:47:00.701+0000] {dagbag.py:538} INFO - Filling up the DagBag from /opt/airflow/dags/classificator.py
[2024-04-21T12:47:00.719+0000] {processor.py:840} INFO - DAG(s) 'dag_for_news' retrieved from /opt/airflow/dags/classificator.py
[2024-04-21T12:47:00.739+0000] {logging_mixin.py:188} INFO - [2024-04-21T12:47:00.739+0000] {dag.py:3033} INFO - Sync 1 DAGs
[2024-04-21T12:47:00.760+0000] {logging_mixin.py:188} INFO - [2024-04-21T12:47:00.760+0000] {dag.py:3820} INFO - Setting next_dagrun for dag_for_news to 2024-04-21T00:00:00+00:00, run_after=2024-04-22T00:00:00+00:00
[2024-04-21T12:47:00.781+0000] {processor.py:183} INFO - Processing /opt/airflow/dags/classificator.py took 0.089 seconds
[2024-04-21T12:47:31.233+0000] {processor.py:161} INFO - Started process (PID=3079) to work on /opt/airflow/dags/classificator.py
[2024-04-21T12:47:31.234+0000] {processor.py:830} INFO - Processing file /opt/airflow/dags/classificator.py for tasks to queue
[2024-04-21T12:47:31.238+0000] {logging_mixin.py:188} INFO - [2024-04-21T12:47:31.237+0000] {dagbag.py:538} INFO - Filling up the DagBag from /opt/airflow/dags/classificator.py
[2024-04-21T12:47:31.252+0000] {processor.py:840} INFO - DAG(s) 'dag_for_news' retrieved from /opt/airflow/dags/classificator.py
[2024-04-21T12:47:31.271+0000] {logging_mixin.py:188} INFO - [2024-04-21T12:47:31.271+0000] {dag.py:3033} INFO - Sync 1 DAGs
[2024-04-21T12:47:31.292+0000] {logging_mixin.py:188} INFO - [2024-04-21T12:47:31.292+0000] {dag.py:3820} INFO - Setting next_dagrun for dag_for_news to 2024-04-21T00:00:00+00:00, run_after=2024-04-22T00:00:00+00:00
[2024-04-21T12:47:31.314+0000] {processor.py:183} INFO - Processing /opt/airflow/dags/classificator.py took 0.086 seconds
[2024-04-21T12:48:01.824+0000] {processor.py:161} INFO - Started process (PID=3135) to work on /opt/airflow/dags/classificator.py
[2024-04-21T12:48:01.825+0000] {processor.py:830} INFO - Processing file /opt/airflow/dags/classificator.py for tasks to queue
[2024-04-21T12:48:01.828+0000] {logging_mixin.py:188} INFO - [2024-04-21T12:48:01.828+0000] {dagbag.py:538} INFO - Filling up the DagBag from /opt/airflow/dags/classificator.py
[2024-04-21T12:48:01.844+0000] {processor.py:840} INFO - DAG(s) 'dag_for_news' retrieved from /opt/airflow/dags/classificator.py
[2024-04-21T12:48:01.863+0000] {logging_mixin.py:188} INFO - [2024-04-21T12:48:01.863+0000] {dag.py:3033} INFO - Sync 1 DAGs
[2024-04-21T12:48:01.884+0000] {logging_mixin.py:188} INFO - [2024-04-21T12:48:01.884+0000] {dag.py:3820} INFO - Setting next_dagrun for dag_for_news to 2024-04-21T00:00:00+00:00, run_after=2024-04-22T00:00:00+00:00
[2024-04-21T12:48:01.900+0000] {processor.py:183} INFO - Processing /opt/airflow/dags/classificator.py took 0.081 seconds
[2024-04-21T12:48:32.436+0000] {processor.py:161} INFO - Started process (PID=3191) to work on /opt/airflow/dags/classificator.py
[2024-04-21T12:48:32.438+0000] {processor.py:830} INFO - Processing file /opt/airflow/dags/classificator.py for tasks to queue
[2024-04-21T12:48:32.441+0000] {logging_mixin.py:188} INFO - [2024-04-21T12:48:32.440+0000] {dagbag.py:538} INFO - Filling up the DagBag from /opt/airflow/dags/classificator.py
[2024-04-21T12:48:32.455+0000] {processor.py:840} INFO - DAG(s) 'dag_for_news' retrieved from /opt/airflow/dags/classificator.py
[2024-04-21T12:48:32.474+0000] {logging_mixin.py:188} INFO - [2024-04-21T12:48:32.473+0000] {dag.py:3033} INFO - Sync 1 DAGs
[2024-04-21T12:48:32.494+0000] {logging_mixin.py:188} INFO - [2024-04-21T12:48:32.494+0000] {dag.py:3820} INFO - Setting next_dagrun for dag_for_news to 2024-04-21T00:00:00+00:00, run_after=2024-04-22T00:00:00+00:00
[2024-04-21T12:48:32.511+0000] {processor.py:183} INFO - Processing /opt/airflow/dags/classificator.py took 0.079 seconds
[2024-04-21T12:49:02.952+0000] {processor.py:161} INFO - Started process (PID=3247) to work on /opt/airflow/dags/classificator.py
[2024-04-21T12:49:02.954+0000] {processor.py:830} INFO - Processing file /opt/airflow/dags/classificator.py for tasks to queue
[2024-04-21T12:49:02.957+0000] {logging_mixin.py:188} INFO - [2024-04-21T12:49:02.957+0000] {dagbag.py:538} INFO - Filling up the DagBag from /opt/airflow/dags/classificator.py
[2024-04-21T12:49:02.976+0000] {processor.py:840} INFO - DAG(s) 'dag_for_news' retrieved from /opt/airflow/dags/classificator.py
[2024-04-21T12:49:03.006+0000] {logging_mixin.py:188} INFO - [2024-04-21T12:49:03.005+0000] {dag.py:3033} INFO - Sync 1 DAGs
[2024-04-21T12:49:03.038+0000] {logging_mixin.py:188} INFO - [2024-04-21T12:49:03.037+0000] {dag.py:3820} INFO - Setting next_dagrun for dag_for_news to 2024-04-21T00:00:00+00:00, run_after=2024-04-22T00:00:00+00:00
[2024-04-21T12:49:03.060+0000] {processor.py:183} INFO - Processing /opt/airflow/dags/classificator.py took 0.114 seconds
[2024-04-21T12:49:33.715+0000] {processor.py:161} INFO - Started process (PID=3303) to work on /opt/airflow/dags/classificator.py
[2024-04-21T12:49:33.717+0000] {processor.py:830} INFO - Processing file /opt/airflow/dags/classificator.py for tasks to queue
[2024-04-21T12:49:33.721+0000] {logging_mixin.py:188} INFO - [2024-04-21T12:49:33.720+0000] {dagbag.py:538} INFO - Filling up the DagBag from /opt/airflow/dags/classificator.py
[2024-04-21T12:49:33.736+0000] {processor.py:840} INFO - DAG(s) 'dag_for_news' retrieved from /opt/airflow/dags/classificator.py
[2024-04-21T12:49:33.755+0000] {logging_mixin.py:188} INFO - [2024-04-21T12:49:33.755+0000] {dag.py:3033} INFO - Sync 1 DAGs
[2024-04-21T12:49:33.775+0000] {logging_mixin.py:188} INFO - [2024-04-21T12:49:33.775+0000] {dag.py:3820} INFO - Setting next_dagrun for dag_for_news to 2024-04-21T00:00:00+00:00, run_after=2024-04-22T00:00:00+00:00
[2024-04-21T12:49:33.793+0000] {processor.py:183} INFO - Processing /opt/airflow/dags/classificator.py took 0.083 seconds
[2024-04-21T12:50:04.220+0000] {processor.py:161} INFO - Started process (PID=3359) to work on /opt/airflow/dags/classificator.py
[2024-04-21T12:50:04.221+0000] {processor.py:830} INFO - Processing file /opt/airflow/dags/classificator.py for tasks to queue
[2024-04-21T12:50:04.223+0000] {logging_mixin.py:188} INFO - [2024-04-21T12:50:04.223+0000] {dagbag.py:538} INFO - Filling up the DagBag from /opt/airflow/dags/classificator.py
[2024-04-21T12:50:04.237+0000] {processor.py:840} INFO - DAG(s) 'dag_for_news' retrieved from /opt/airflow/dags/classificator.py
[2024-04-21T12:50:04.257+0000] {logging_mixin.py:188} INFO - [2024-04-21T12:50:04.256+0000] {dag.py:3033} INFO - Sync 1 DAGs
[2024-04-21T12:50:04.277+0000] {logging_mixin.py:188} INFO - [2024-04-21T12:50:04.277+0000] {dag.py:3820} INFO - Setting next_dagrun for dag_for_news to 2024-04-21T00:00:00+00:00, run_after=2024-04-22T00:00:00+00:00
[2024-04-21T12:50:04.295+0000] {processor.py:183} INFO - Processing /opt/airflow/dags/classificator.py took 0.078 seconds
[2024-04-21T12:50:34.709+0000] {processor.py:161} INFO - Started process (PID=3415) to work on /opt/airflow/dags/classificator.py
[2024-04-21T12:50:34.710+0000] {processor.py:830} INFO - Processing file /opt/airflow/dags/classificator.py for tasks to queue
[2024-04-21T12:50:34.713+0000] {logging_mixin.py:188} INFO - [2024-04-21T12:50:34.713+0000] {dagbag.py:538} INFO - Filling up the DagBag from /opt/airflow/dags/classificator.py
[2024-04-21T12:50:34.730+0000] {processor.py:840} INFO - DAG(s) 'dag_for_news' retrieved from /opt/airflow/dags/classificator.py
[2024-04-21T12:50:34.748+0000] {logging_mixin.py:188} INFO - [2024-04-21T12:50:34.748+0000] {dag.py:3033} INFO - Sync 1 DAGs
[2024-04-21T12:50:34.768+0000] {logging_mixin.py:188} INFO - [2024-04-21T12:50:34.768+0000] {dag.py:3820} INFO - Setting next_dagrun for dag_for_news to 2024-04-21T00:00:00+00:00, run_after=2024-04-22T00:00:00+00:00
[2024-04-21T12:50:34.784+0000] {processor.py:183} INFO - Processing /opt/airflow/dags/classificator.py took 0.080 seconds
[2024-04-21T12:51:05.145+0000] {processor.py:161} INFO - Started process (PID=3471) to work on /opt/airflow/dags/classificator.py
[2024-04-21T12:51:05.147+0000] {processor.py:830} INFO - Processing file /opt/airflow/dags/classificator.py for tasks to queue
[2024-04-21T12:51:05.150+0000] {logging_mixin.py:188} INFO - [2024-04-21T12:51:05.149+0000] {dagbag.py:538} INFO - Filling up the DagBag from /opt/airflow/dags/classificator.py
[2024-04-21T12:51:05.164+0000] {processor.py:840} INFO - DAG(s) 'dag_for_news' retrieved from /opt/airflow/dags/classificator.py
[2024-04-21T12:51:05.182+0000] {logging_mixin.py:188} INFO - [2024-04-21T12:51:05.182+0000] {dag.py:3033} INFO - Sync 1 DAGs
[2024-04-21T12:51:05.212+0000] {logging_mixin.py:188} INFO - [2024-04-21T12:51:05.212+0000] {dag.py:3820} INFO - Setting next_dagrun for dag_for_news to 2024-04-21T00:00:00+00:00, run_after=2024-04-22T00:00:00+00:00
[2024-04-21T12:51:05.235+0000] {processor.py:183} INFO - Processing /opt/airflow/dags/classificator.py took 0.095 seconds
[2024-04-21T12:51:35.673+0000] {processor.py:161} INFO - Started process (PID=3527) to work on /opt/airflow/dags/classificator.py
[2024-04-21T12:51:35.675+0000] {processor.py:830} INFO - Processing file /opt/airflow/dags/classificator.py for tasks to queue
[2024-04-21T12:51:35.678+0000] {logging_mixin.py:188} INFO - [2024-04-21T12:51:35.677+0000] {dagbag.py:538} INFO - Filling up the DagBag from /opt/airflow/dags/classificator.py
[2024-04-21T12:51:35.694+0000] {processor.py:840} INFO - DAG(s) 'dag_for_news' retrieved from /opt/airflow/dags/classificator.py
[2024-04-21T12:51:35.712+0000] {logging_mixin.py:188} INFO - [2024-04-21T12:51:35.712+0000] {dag.py:3033} INFO - Sync 1 DAGs
[2024-04-21T12:51:35.736+0000] {logging_mixin.py:188} INFO - [2024-04-21T12:51:35.736+0000] {dag.py:3820} INFO - Setting next_dagrun for dag_for_news to 2024-04-21T00:00:00+00:00, run_after=2024-04-22T00:00:00+00:00
[2024-04-21T12:51:35.754+0000] {processor.py:183} INFO - Processing /opt/airflow/dags/classificator.py took 0.085 seconds
[2024-04-21T12:52:06.238+0000] {processor.py:161} INFO - Started process (PID=3583) to work on /opt/airflow/dags/classificator.py
[2024-04-21T12:52:06.240+0000] {processor.py:830} INFO - Processing file /opt/airflow/dags/classificator.py for tasks to queue
[2024-04-21T12:52:06.243+0000] {logging_mixin.py:188} INFO - [2024-04-21T12:52:06.243+0000] {dagbag.py:538} INFO - Filling up the DagBag from /opt/airflow/dags/classificator.py
[2024-04-21T12:52:06.256+0000] {processor.py:840} INFO - DAG(s) 'dag_for_news' retrieved from /opt/airflow/dags/classificator.py
[2024-04-21T12:52:06.275+0000] {logging_mixin.py:188} INFO - [2024-04-21T12:52:06.275+0000] {dag.py:3033} INFO - Sync 1 DAGs
[2024-04-21T12:52:06.297+0000] {logging_mixin.py:188} INFO - [2024-04-21T12:52:06.297+0000] {dag.py:3820} INFO - Setting next_dagrun for dag_for_news to 2024-04-21T00:00:00+00:00, run_after=2024-04-22T00:00:00+00:00
[2024-04-21T12:52:06.319+0000] {processor.py:183} INFO - Processing /opt/airflow/dags/classificator.py took 0.086 seconds
[2024-04-21T12:52:36.812+0000] {processor.py:161} INFO - Started process (PID=3639) to work on /opt/airflow/dags/classificator.py
[2024-04-21T12:52:36.814+0000] {processor.py:830} INFO - Processing file /opt/airflow/dags/classificator.py for tasks to queue
[2024-04-21T12:52:36.817+0000] {logging_mixin.py:188} INFO - [2024-04-21T12:52:36.817+0000] {dagbag.py:538} INFO - Filling up the DagBag from /opt/airflow/dags/classificator.py
[2024-04-21T12:52:36.834+0000] {processor.py:840} INFO - DAG(s) 'dag_for_news' retrieved from /opt/airflow/dags/classificator.py
[2024-04-21T12:52:36.857+0000] {logging_mixin.py:188} INFO - [2024-04-21T12:52:36.857+0000] {dag.py:3033} INFO - Sync 1 DAGs
[2024-04-21T12:52:36.880+0000] {logging_mixin.py:188} INFO - [2024-04-21T12:52:36.880+0000] {dag.py:3820} INFO - Setting next_dagrun for dag_for_news to 2024-04-21T00:00:00+00:00, run_after=2024-04-22T00:00:00+00:00
[2024-04-21T12:52:36.900+0000] {processor.py:183} INFO - Processing /opt/airflow/dags/classificator.py took 0.093 seconds
[2024-04-21T12:53:07.358+0000] {processor.py:161} INFO - Started process (PID=3695) to work on /opt/airflow/dags/classificator.py
[2024-04-21T12:53:07.360+0000] {processor.py:830} INFO - Processing file /opt/airflow/dags/classificator.py for tasks to queue
[2024-04-21T12:53:07.362+0000] {logging_mixin.py:188} INFO - [2024-04-21T12:53:07.362+0000] {dagbag.py:538} INFO - Filling up the DagBag from /opt/airflow/dags/classificator.py
[2024-04-21T12:53:07.378+0000] {processor.py:840} INFO - DAG(s) 'dag_for_news' retrieved from /opt/airflow/dags/classificator.py
[2024-04-21T12:53:07.400+0000] {logging_mixin.py:188} INFO - [2024-04-21T12:53:07.399+0000] {dag.py:3033} INFO - Sync 1 DAGs
[2024-04-21T12:53:07.421+0000] {logging_mixin.py:188} INFO - [2024-04-21T12:53:07.421+0000] {dag.py:3820} INFO - Setting next_dagrun for dag_for_news to 2024-04-21T00:00:00+00:00, run_after=2024-04-22T00:00:00+00:00
[2024-04-21T12:53:07.440+0000] {processor.py:183} INFO - Processing /opt/airflow/dags/classificator.py took 0.086 seconds
[2024-04-21T12:53:37.943+0000] {processor.py:161} INFO - Started process (PID=3751) to work on /opt/airflow/dags/classificator.py
[2024-04-21T12:53:37.944+0000] {processor.py:830} INFO - Processing file /opt/airflow/dags/classificator.py for tasks to queue
[2024-04-21T12:53:37.947+0000] {logging_mixin.py:188} INFO - [2024-04-21T12:53:37.947+0000] {dagbag.py:538} INFO - Filling up the DagBag from /opt/airflow/dags/classificator.py
[2024-04-21T12:53:37.961+0000] {processor.py:840} INFO - DAG(s) 'dag_for_news' retrieved from /opt/airflow/dags/classificator.py
[2024-04-21T12:53:37.979+0000] {logging_mixin.py:188} INFO - [2024-04-21T12:53:37.979+0000] {dag.py:3033} INFO - Sync 1 DAGs
[2024-04-21T12:53:38.000+0000] {logging_mixin.py:188} INFO - [2024-04-21T12:53:38.000+0000] {dag.py:3820} INFO - Setting next_dagrun for dag_for_news to 2024-04-21T00:00:00+00:00, run_after=2024-04-22T00:00:00+00:00
[2024-04-21T12:53:38.021+0000] {processor.py:183} INFO - Processing /opt/airflow/dags/classificator.py took 0.082 seconds
[2024-04-21T12:54:08.399+0000] {processor.py:161} INFO - Started process (PID=3807) to work on /opt/airflow/dags/classificator.py
[2024-04-21T12:54:08.401+0000] {processor.py:830} INFO - Processing file /opt/airflow/dags/classificator.py for tasks to queue
[2024-04-21T12:54:08.404+0000] {logging_mixin.py:188} INFO - [2024-04-21T12:54:08.404+0000] {dagbag.py:538} INFO - Filling up the DagBag from /opt/airflow/dags/classificator.py
[2024-04-21T12:54:08.419+0000] {processor.py:840} INFO - DAG(s) 'dag_for_news' retrieved from /opt/airflow/dags/classificator.py
[2024-04-21T12:54:08.439+0000] {logging_mixin.py:188} INFO - [2024-04-21T12:54:08.439+0000] {dag.py:3033} INFO - Sync 1 DAGs
[2024-04-21T12:54:08.461+0000] {logging_mixin.py:188} INFO - [2024-04-21T12:54:08.460+0000] {dag.py:3820} INFO - Setting next_dagrun for dag_for_news to 2024-04-21T00:00:00+00:00, run_after=2024-04-22T00:00:00+00:00
[2024-04-21T12:54:08.482+0000] {processor.py:183} INFO - Processing /opt/airflow/dags/classificator.py took 0.088 seconds
[2024-04-21T12:54:39.117+0000] {processor.py:161} INFO - Started process (PID=3863) to work on /opt/airflow/dags/classificator.py
[2024-04-21T12:54:39.118+0000] {processor.py:830} INFO - Processing file /opt/airflow/dags/classificator.py for tasks to queue
[2024-04-21T12:54:39.122+0000] {logging_mixin.py:188} INFO - [2024-04-21T12:54:39.121+0000] {dagbag.py:538} INFO - Filling up the DagBag from /opt/airflow/dags/classificator.py
[2024-04-21T12:54:39.138+0000] {processor.py:840} INFO - DAG(s) 'dag_for_news' retrieved from /opt/airflow/dags/classificator.py
[2024-04-21T12:54:39.158+0000] {logging_mixin.py:188} INFO - [2024-04-21T12:54:39.158+0000] {dag.py:3033} INFO - Sync 1 DAGs
[2024-04-21T12:54:39.178+0000] {logging_mixin.py:188} INFO - [2024-04-21T12:54:39.178+0000] {dag.py:3820} INFO - Setting next_dagrun for dag_for_news to 2024-04-21T00:00:00+00:00, run_after=2024-04-22T00:00:00+00:00
[2024-04-21T12:54:39.197+0000] {processor.py:183} INFO - Processing /opt/airflow/dags/classificator.py took 0.085 seconds
[2024-04-21T12:55:10.070+0000] {processor.py:161} INFO - Started process (PID=3919) to work on /opt/airflow/dags/classificator.py
[2024-04-21T12:55:10.072+0000] {processor.py:830} INFO - Processing file /opt/airflow/dags/classificator.py for tasks to queue
[2024-04-21T12:55:10.076+0000] {logging_mixin.py:188} INFO - [2024-04-21T12:55:10.076+0000] {dagbag.py:538} INFO - Filling up the DagBag from /opt/airflow/dags/classificator.py
[2024-04-21T12:55:10.096+0000] {processor.py:840} INFO - DAG(s) 'dag_for_news' retrieved from /opt/airflow/dags/classificator.py
[2024-04-21T12:55:10.119+0000] {logging_mixin.py:188} INFO - [2024-04-21T12:55:10.119+0000] {dag.py:3033} INFO - Sync 1 DAGs
[2024-04-21T12:55:10.151+0000] {logging_mixin.py:188} INFO - [2024-04-21T12:55:10.151+0000] {dag.py:3820} INFO - Setting next_dagrun for dag_for_news to 2024-04-21T00:00:00+00:00, run_after=2024-04-22T00:00:00+00:00
[2024-04-21T12:55:10.175+0000] {processor.py:183} INFO - Processing /opt/airflow/dags/classificator.py took 0.110 seconds
[2024-04-21T12:55:40.264+0000] {processor.py:161} INFO - Started process (PID=3975) to work on /opt/airflow/dags/classificator.py
[2024-04-21T12:55:40.266+0000] {processor.py:830} INFO - Processing file /opt/airflow/dags/classificator.py for tasks to queue
[2024-04-21T12:55:40.270+0000] {logging_mixin.py:188} INFO - [2024-04-21T12:55:40.269+0000] {dagbag.py:538} INFO - Filling up the DagBag from /opt/airflow/dags/classificator.py
[2024-04-21T12:55:40.286+0000] {processor.py:840} INFO - DAG(s) 'dag_for_news' retrieved from /opt/airflow/dags/classificator.py
[2024-04-21T12:55:40.308+0000] {logging_mixin.py:188} INFO - [2024-04-21T12:55:40.307+0000] {dag.py:3033} INFO - Sync 1 DAGs
[2024-04-21T12:55:40.329+0000] {logging_mixin.py:188} INFO - [2024-04-21T12:55:40.329+0000] {dag.py:3820} INFO - Setting next_dagrun for dag_for_news to 2024-04-21T00:00:00+00:00, run_after=2024-04-22T00:00:00+00:00
[2024-04-21T12:55:40.348+0000] {processor.py:183} INFO - Processing /opt/airflow/dags/classificator.py took 0.089 seconds
[2024-04-21T12:56:11.372+0000] {processor.py:161} INFO - Started process (PID=4031) to work on /opt/airflow/dags/classificator.py
[2024-04-21T12:56:11.374+0000] {processor.py:830} INFO - Processing file /opt/airflow/dags/classificator.py for tasks to queue
[2024-04-21T12:56:11.377+0000] {logging_mixin.py:188} INFO - [2024-04-21T12:56:11.377+0000] {dagbag.py:538} INFO - Filling up the DagBag from /opt/airflow/dags/classificator.py
[2024-04-21T12:56:11.394+0000] {processor.py:840} INFO - DAG(s) 'dag_for_news' retrieved from /opt/airflow/dags/classificator.py
[2024-04-21T12:56:11.416+0000] {logging_mixin.py:188} INFO - [2024-04-21T12:56:11.415+0000] {dag.py:3033} INFO - Sync 1 DAGs
[2024-04-21T12:56:11.441+0000] {logging_mixin.py:188} INFO - [2024-04-21T12:56:11.441+0000] {dag.py:3820} INFO - Setting next_dagrun for dag_for_news to 2024-04-21T00:00:00+00:00, run_after=2024-04-22T00:00:00+00:00
[2024-04-21T12:56:11.458+0000] {processor.py:183} INFO - Processing /opt/airflow/dags/classificator.py took 0.091 seconds
[2024-04-21T12:56:41.940+0000] {processor.py:161} INFO - Started process (PID=4087) to work on /opt/airflow/dags/classificator.py
[2024-04-21T12:56:41.942+0000] {processor.py:830} INFO - Processing file /opt/airflow/dags/classificator.py for tasks to queue
[2024-04-21T12:56:41.945+0000] {logging_mixin.py:188} INFO - [2024-04-21T12:56:41.945+0000] {dagbag.py:538} INFO - Filling up the DagBag from /opt/airflow/dags/classificator.py
[2024-04-21T12:56:41.959+0000] {processor.py:840} INFO - DAG(s) 'dag_for_news' retrieved from /opt/airflow/dags/classificator.py
[2024-04-21T12:56:41.977+0000] {logging_mixin.py:188} INFO - [2024-04-21T12:56:41.977+0000] {dag.py:3033} INFO - Sync 1 DAGs
[2024-04-21T12:56:41.997+0000] {logging_mixin.py:188} INFO - [2024-04-21T12:56:41.996+0000] {dag.py:3820} INFO - Setting next_dagrun for dag_for_news to 2024-04-21T00:00:00+00:00, run_after=2024-04-22T00:00:00+00:00
[2024-04-21T12:56:42.020+0000] {processor.py:183} INFO - Processing /opt/airflow/dags/classificator.py took 0.084 seconds
[2024-04-21T12:56:47.431+0000] {processor.py:161} INFO - Started process (PID=4113) to work on /opt/airflow/dags/classificator.py
[2024-04-21T12:56:47.440+0000] {processor.py:830} INFO - Processing file /opt/airflow/dags/classificator.py for tasks to queue
[2024-04-21T12:56:47.451+0000] {logging_mixin.py:188} INFO - [2024-04-21T12:56:47.449+0000] {dagbag.py:538} INFO - Filling up the DagBag from /opt/airflow/dags/classificator.py
[2024-04-21T12:56:47.584+0000] {processor.py:840} INFO - DAG(s) 'dag_for_news' retrieved from /opt/airflow/dags/classificator.py
[2024-04-21T12:56:47.632+0000] {logging_mixin.py:188} INFO - [2024-04-21T12:56:47.632+0000] {dag.py:3033} INFO - Sync 1 DAGs
[2024-04-21T12:56:47.680+0000] {logging_mixin.py:188} INFO - [2024-04-21T12:56:47.680+0000] {dag.py:3820} INFO - Setting next_dagrun for dag_for_news to 2024-04-21T00:00:00+00:00, run_after=2024-04-22T00:00:00+00:00
[2024-04-21T12:56:47.749+0000] {processor.py:183} INFO - Processing /opt/airflow/dags/classificator.py took 0.339 seconds
[2024-04-21T12:57:18.112+0000] {processor.py:161} INFO - Started process (PID=4175) to work on /opt/airflow/dags/classificator.py
[2024-04-21T12:57:18.113+0000] {processor.py:830} INFO - Processing file /opt/airflow/dags/classificator.py for tasks to queue
[2024-04-21T12:57:18.116+0000] {logging_mixin.py:188} INFO - [2024-04-21T12:57:18.115+0000] {dagbag.py:538} INFO - Filling up the DagBag from /opt/airflow/dags/classificator.py
[2024-04-21T12:57:18.133+0000] {processor.py:840} INFO - DAG(s) 'dag_for_news' retrieved from /opt/airflow/dags/classificator.py
[2024-04-21T12:57:18.154+0000] {logging_mixin.py:188} INFO - [2024-04-21T12:57:18.154+0000] {dag.py:3033} INFO - Sync 1 DAGs
[2024-04-21T12:57:18.176+0000] {logging_mixin.py:188} INFO - [2024-04-21T12:57:18.176+0000] {dag.py:3820} INFO - Setting next_dagrun for dag_for_news to 2024-04-21T00:00:00+00:00, run_after=2024-04-22T00:00:00+00:00
[2024-04-21T12:57:18.194+0000] {processor.py:183} INFO - Processing /opt/airflow/dags/classificator.py took 0.087 seconds
[2024-04-21T12:57:49.073+0000] {processor.py:161} INFO - Started process (PID=4229) to work on /opt/airflow/dags/classificator.py
[2024-04-21T12:57:49.075+0000] {processor.py:830} INFO - Processing file /opt/airflow/dags/classificator.py for tasks to queue
[2024-04-21T12:57:49.079+0000] {logging_mixin.py:188} INFO - [2024-04-21T12:57:49.079+0000] {dagbag.py:538} INFO - Filling up the DagBag from /opt/airflow/dags/classificator.py
[2024-04-21T12:57:49.096+0000] {processor.py:840} INFO - DAG(s) 'dag_for_news' retrieved from /opt/airflow/dags/classificator.py
[2024-04-21T12:57:49.119+0000] {logging_mixin.py:188} INFO - [2024-04-21T12:57:49.119+0000] {dag.py:3033} INFO - Sync 1 DAGs
[2024-04-21T12:57:49.145+0000] {logging_mixin.py:188} INFO - [2024-04-21T12:57:49.145+0000] {dag.py:3820} INFO - Setting next_dagrun for dag_for_news to 2024-04-21T00:00:00+00:00, run_after=2024-04-22T00:00:00+00:00
[2024-04-21T12:57:49.168+0000] {processor.py:183} INFO - Processing /opt/airflow/dags/classificator.py took 0.101 seconds
[2024-04-21T12:58:20.011+0000] {processor.py:161} INFO - Started process (PID=4285) to work on /opt/airflow/dags/classificator.py
[2024-04-21T12:58:20.014+0000] {processor.py:830} INFO - Processing file /opt/airflow/dags/classificator.py for tasks to queue
[2024-04-21T12:58:20.018+0000] {logging_mixin.py:188} INFO - [2024-04-21T12:58:20.018+0000] {dagbag.py:538} INFO - Filling up the DagBag from /opt/airflow/dags/classificator.py
[2024-04-21T12:58:20.040+0000] {processor.py:840} INFO - DAG(s) 'dag_for_news' retrieved from /opt/airflow/dags/classificator.py
[2024-04-21T12:58:20.071+0000] {logging_mixin.py:188} INFO - [2024-04-21T12:58:20.070+0000] {dag.py:3033} INFO - Sync 1 DAGs
[2024-04-21T12:58:20.106+0000] {logging_mixin.py:188} INFO - [2024-04-21T12:58:20.106+0000] {dag.py:3820} INFO - Setting next_dagrun for dag_for_news to 2024-04-21T00:00:00+00:00, run_after=2024-04-22T00:00:00+00:00
[2024-04-21T12:58:20.146+0000] {processor.py:183} INFO - Processing /opt/airflow/dags/classificator.py took 0.138 seconds
