[2024-04-21T12:32:57.354+0000] {logging_mixin.py:188} INFO - Changing /opt/***/logs/dag_id=dag_for_news/run_id=manual__2024-04-21T12:32:50.333929+00:00/task_id=model_prediction_data permission to 509
[2024-04-21T12:32:57.385+0000] {logging_mixin.py:188} INFO - Changing /opt/***/logs/dag_id=dag_for_news/run_id=manual__2024-04-21T12:32:50.333929+00:00/task_id=model_prediction_data permission to 509
[2024-04-21T12:32:57.414+0000] {taskinstance.py:1957} INFO - Dependencies all met for dep_context=non-requeueable deps ti=<TaskInstance: dag_for_news.model_prediction_data manual__2024-04-21T12:32:50.333929+00:00 [queued]>
[2024-04-21T12:32:57.422+0000] {taskinstance.py:1957} INFO - Dependencies all met for dep_context=requeueable deps ti=<TaskInstance: dag_for_news.model_prediction_data manual__2024-04-21T12:32:50.333929+00:00 [queued]>
[2024-04-21T12:32:57.424+0000] {taskinstance.py:2171} INFO - Starting attempt 1 of 2
[2024-04-21T12:32:57.436+0000] {taskinstance.py:2192} INFO - Executing <Task(DockerOperator): model_prediction_data> on 2024-04-21 12:32:50.333929+00:00
[2024-04-21T12:32:57.442+0000] {standard_task_runner.py:60} INFO - Started process 274 to run task
[2024-04-21T12:32:57.446+0000] {standard_task_runner.py:87} INFO - Running: ['***', 'tasks', 'run', 'dag_for_news', 'model_prediction_data', 'manual__2024-04-21T12:32:50.333929+00:00', '--job-id', '6', '--raw', '--subdir', 'DAGS_FOLDER/classificator.py', '--cfg-path', '/tmp/tmppnoatyeu']
[2024-04-21T12:32:57.449+0000] {standard_task_runner.py:88} INFO - Job 6: Subtask model_prediction_data
[2024-04-21T12:32:57.494+0000] {logging_mixin.py:188} INFO - Changing /opt/***/logs/dag_id=dag_for_news/run_id=manual__2024-04-21T12:32:50.333929+00:00/task_id=model_prediction_data permission to 509
[2024-04-21T12:32:57.501+0000] {task_command.py:423} INFO - Running <TaskInstance: dag_for_news.model_prediction_data manual__2024-04-21T12:32:50.333929+00:00 [running]> on host 39d7336c2004
[2024-04-21T12:32:57.568+0000] {taskinstance.py:2481} INFO - Exporting env vars: AIRFLOW_CTX_DAG_OWNER='***' AIRFLOW_CTX_DAG_ID='dag_for_news' AIRFLOW_CTX_TASK_ID='model_prediction_data' AIRFLOW_CTX_EXECUTION_DATE='2024-04-21T12:32:50.333929+00:00' AIRFLOW_CTX_TRY_NUMBER='1' AIRFLOW_CTX_DAG_RUN_ID='manual__2024-04-21T12:32:50.333929+00:00'
[2024-04-21T12:32:57.582+0000] {docker.py:359} INFO - Starting docker container from image model_prediction_data2:latest
[2024-04-21T12:33:45.483+0000] {docker.py:429} INFO - /usr/local/lib/python3.11/site-packages/torch/_utils.py:776: UserWarning: TypedStorage is deprecated. It will be removed in the future and UntypedStorage will be the only storage class. This should only matter to you if you are using storages directly.  To access UntypedStorage directly, use tensor.untyped_storage() instead of tensor.storage()
  return self.fget.__get__(instance, owner)()
[2024-04-21T12:33:50.830+0000] {docker.py:429} INFO - Some non-default generation parameters are set in the model config. These should go into a GenerationConfig file (https://huggingface.co/docs/transformers/generation_strategies#save-a-custom-decoding-strategy-with-your-model) instead. This warning will be raised to an exception in v4.41.
Non-default generation parameters: {'forced_eos_token_id': 2}
[2024-04-21T12:34:14.615+0000] {docker.py:429} INFO - /usr/local/lib/python3.11/site-packages/huggingface_hub/file_download.py:1003: UserWarning: Not enough free disk space to download the file. The expected file size is: 0.00 MB. The target location /root/.cache/huggingface/hub only has 0.00 MB free disk space.
  warnings.warn(
/usr/local/lib/python3.11/site-packages/huggingface_hub/file_download.py:1003: UserWarning: Not enough free disk space to download the file. The expected file size is: 0.00 MB. The target location /root/.cache/huggingface/hub/models--valhalla--distilbart-mnli-12-1/blobs only has 0.00 MB free disk space.
  warnings.warn(
[2024-04-21T12:35:01.934+0000] {docker.py:429} INFO - Successfully registered model 'Crypto_news'.
[2024-04-21T12:35:01.990+0000] {docker.py:429} INFO - 2024/04/21 12:35:01 INFO mlflow.store.model_registry.abstract_store: Waiting up to 300 seconds for model version to finish creation. Model name: Crypto_news, version 1
Created version '1' of model 'Crypto_news'.
[2024-04-21T12:35:36.656+0000] {taskinstance.py:1138} INFO - Marking task as SUCCESS. dag_id=dag_for_news, task_id=model_prediction_data, execution_date=20240421T123250, start_date=20240421T123257, end_date=20240421T123536
[2024-04-21T12:35:36.697+0000] {local_task_job_runner.py:234} INFO - Task exited with return code 0
[2024-04-21T12:35:36.748+0000] {taskinstance.py:3281} INFO - 1 downstream tasks scheduled from follow-on schedule check
